*** Start analyzing build configuration ***
Auto-config - Scanning: E:\pcie_uart\pcie_uart\pcie_uart.srcs\sources_1\new
Auto-config - VLOG: E:\pcie_uart\pcie_uart\pcie_uart.srcs\sources_1\new
Auto-config - Wrote:
    E:\pcie_uart\pcie_uart\pcie_uart.srcs\sources_1\new\.dvt\default.build.auto.1
*** List of included argument files ***
    Build configuration file:  E:\pcie_uart\pcie_uart\pcie_uart.srcs\sources_1\new\.dvt\default.build
    -f E:\pcie_uart\pcie_uart\pcie_uart.srcs\sources_1\new\.dvt\default.build.auto.1
*** List of invocations ***
Invocation #1 +dvt_init+dvt in E:\pcie_uart\pcie_uart\pcie_uart.srcs\sources_1\new\.dvt\default.build.auto.1 at line 9
*** Done analyzing build configuration [29 ms] ***

*** Start SystemVerilog build ***
*** Invocation #1***
Loading (1) E:\pcie_uart\pcie_uart\pcie_uart.srcs\sources_1\new\uart_f2ser_read.v ...
Done E:\pcie_uart\pcie_uart\pcie_uart.srcs\sources_1\new\uart_f2ser_read.v [3 ms, 639 lines, Verilog_2001] ...
Loading (2) E:\pcie_uart\pcie_uart\pcie_uart.srcs\sources_1\new\uart_f2ser_write.v ...
Done E:\pcie_uart\pcie_uart\pcie_uart.srcs\sources_1\new\uart_f2ser_write.v [1 ms, 642 lines, Verilog_2001] ...
Loading (3) E:\pcie_uart\pcie_uart\pcie_uart.srcs\sources_1\new\uart_driv_flag_gen.v ...
Done E:\pcie_uart\pcie_uart\pcie_uart.srcs\sources_1\new\uart_driv_flag_gen.v [2 ms, 592 lines, Verilog_2001] ...
Loading (4) E:\pcie_uart\pcie_uart\pcie_uart.srcs\sources_1\new\bridge_top_v2.v ...
Done E:\pcie_uart\pcie_uart\pcie_uart.srcs\sources_1\new\bridge_top_v2.v [7 ms, 1491 lines, Verilog_2001] ...
Loading (5) E:\pcie_uart\pcie_uart\pcie_uart.srcs\sources_1\new\flag_gen.sv ...
Done E:\pcie_uart\pcie_uart\pcie_uart.srcs\sources_1\new\flag_gen.sv [0 ms, 60 lines, SystemVerilog_2012] ...
Loading (6) E:\pcie_uart\pcie_uart\pcie_uart.srcs\sources_1\new\_common_package.sv ...
Done E:\pcie_uart\pcie_uart\pcie_uart.srcs\sources_1\new\_common_package.sv [0 ms, 61 lines, SystemVerilog_2012] ...
Loading (7) E:\pcie_uart\pcie_uart\pcie_uart.srcs\sources_1\new\_pcie_uart_package.sv ...
Done E:\pcie_uart\pcie_uart\pcie_uart.srcs\sources_1\new\_pcie_uart_package.sv [1 ms, 48 lines, SystemVerilog_2012] ...
Loading (8) E:\pcie_uart\pcie_uart\pcie_uart.srcs\sources_1\new\axi_uart_tx.sv ...
Loading (9) E:\pcie_uart\pcie_uart\pcie_uart.srcs\sources_1\new\_svh.svh ...
Loading (10) E:\pcie_uart\pcie_uart\pcie_uart.srcs\sources_1\new\_interface.sv ...
Done E:\pcie_uart\pcie_uart\pcie_uart.srcs\sources_1\new\_interface.sv [0 ms, 209 lines, SystemVerilog_2012] ...
Done E:\pcie_uart\pcie_uart\pcie_uart.srcs\sources_1\new\_svh.svh [0 ms, 3 lines, SystemVerilog_2012] ...
Done E:\pcie_uart\pcie_uart\pcie_uart.srcs\sources_1\new\axi_uart_tx.sv [3 ms, 545 lines, SystemVerilog_2012] ...
Loading (11) E:\pcie_uart\pcie_uart\pcie_uart.srcs\sources_1\new\axi_uart_top.sv ...
Loading (12) E:\pcie_uart\pcie_uart\pcie_uart.srcs\sources_1\new\_svh.svh ...
Loading (13) E:\pcie_uart\pcie_uart\pcie_uart.srcs\sources_1\new\_interface.sv ...
Done E:\pcie_uart\pcie_uart\pcie_uart.srcs\sources_1\new\_interface.sv [0 ms, 209 lines, SystemVerilog_2012] ...
Done E:\pcie_uart\pcie_uart\pcie_uart.srcs\sources_1\new\_svh.svh [1 ms, 3 lines, SystemVerilog_2012] ...
Done E:\pcie_uart\pcie_uart\pcie_uart.srcs\sources_1\new\axi_uart_top.sv [0 ms, 39 lines, SystemVerilog_2012] ...
Loading (14) E:\pcie_uart\pcie_uart\pcie_uart.srcs\sources_1\new\axi_uart_rx.sv ...
Loading (15) E:\pcie_uart\pcie_uart\pcie_uart.srcs\sources_1\new\_svh.svh ...
Optimizing (16) E:\pcie_uart\pcie_uart\pcie_uart.srcs\sources_1\new\_interface.sv ...
Done E:\pcie_uart\pcie_uart\pcie_uart.srcs\sources_1\new\_svh.svh [0 ms, 3 lines, SystemVerilog_2012] ...
Done E:\pcie_uart\pcie_uart\pcie_uart.srcs\sources_1\new\axi_uart_rx.sv [0 ms, 15 lines, SystemVerilog_2012] ...
Loading (17) E:\pcie_uart\pcie_uart\pcie_uart.srcs\sources_1\new\pcie_uart.v ...
Done E:\pcie_uart\pcie_uart\pcie_uart.srcs\sources_1\new\pcie_uart.v [0 ms, 76 lines, Verilog_2001] ...
Loading (18) E:\pcie_uart\pcie_uart\pcie_uart.srcs\sources_1\new\xdma_bar_ctrl.v ...
Done E:\pcie_uart\pcie_uart\pcie_uart.srcs\sources_1\new\xdma_bar_ctrl.v [17 ms, 2903 lines, Verilog_2001] ...
*** Done invocation #1 [46 ms] ***
*** Done parsing [LT 38 ms, PT 46.0 ms] ***
*** Total number of lines [7 538] ***
*** Warning: VERILOG_2001: Redefinition of macro name: DEBUG_DEF
    at line 78 in E:\pcie_uart\pcie_uart\pcie_uart.srcs\sources_1\new\uart_f2ser_write.v [compile index 1][invocation 1]
*** Warning: VERILOG_2001: Redefinition of macro name: DEBUG_DEF
    at line 59 in E:\pcie_uart\pcie_uart\pcie_uart.srcs\sources_1\new\uart_driv_flag_gen.v [compile index 1][invocation 1]
*** Warning: NON_STANDARD_COMPILER_GUARD: Expecting identifier after `ifdef, `ifndef, `elsif instead of `D'
    at line 537 in E:\pcie_uart\pcie_uart\pcie_uart.srcs\sources_1\new\axi_uart_tx.sv [compile index 1][invocation 1]
*** Warning: NON_STANDARD_COMPILER_GUARD: Expecting identifier after `ifdef, `ifndef, `elsif instead of `DEBUG_axi_uart_tx'
    at line 541 in E:\pcie_uart\pcie_uart\pcie_uart.srcs\sources_1\new\axi_uart_tx.sv [compile index 1][invocation 1]
Performing post full build actions ...
Performing post full build step 1 (SRI) [0 ms] ...
Performing post full build step 2 (RI) [1 ms] ...
Performing post full build step 3 (RCP) [0 ms] ...
*** Files summary [18 total, 14 unique, 1 optimized] ***
*** Done SystemVerilog build [51 ms] ***

*** Start mixed mode extension build ***
Performing mixed post full build step (VLOG - RI) [0 ms] ...
*** Warning: UNSPECIFIED_TOP: Please specify a -top module/entity/configuration in the project build file
*** Top design candidates: work.bridge_top_v2, work.axi_uart_top, work.pcie_uart
Performing mixed post full build step (MIXED - ELAB) [326 ms] ...
Performing mixed post full build step (MIXED - UNEL) [53 ms] ...
*** Error: NON_EXISTING_PORT: Non existing port 'LR_BAUD0' of module 'uart_driv_flag_gen'
    at line 1043 in E:\pcie_uart\pcie_uart\pcie_uart.srcs\sources_1\new\bridge_top_v2.v [compile index 4]
*** Error: NON_EXISTING_PORT: Non existing port 'LR_BAUD1' of module 'uart_driv_flag_gen'
    at line 1044 in E:\pcie_uart\pcie_uart\pcie_uart.srcs\sources_1\new\bridge_top_v2.v [compile index 4]
*** Error: NON_EXISTING_PORT: Non existing port 'LR_BAUD2' of module 'uart_driv_flag_gen'
    at line 1045 in E:\pcie_uart\pcie_uart\pcie_uart.srcs\sources_1\new\bridge_top_v2.v [compile index 4]
*** Error: NON_EXISTING_PORT: Non existing port 'LR_BAUD3' of module 'uart_driv_flag_gen'
    at line 1046 in E:\pcie_uart\pcie_uart\pcie_uart.srcs\sources_1\new\bridge_top_v2.v [compile index 4]
*** Error: NON_EXISTING_PORT: Non existing port 'LR_BAUD4' of module 'uart_driv_flag_gen'
    at line 1047 in E:\pcie_uart\pcie_uart\pcie_uart.srcs\sources_1\new\bridge_top_v2.v [compile index 4]
*** Error: NON_EXISTING_PORT: Non existing port 'LR_BAUD5' of module 'uart_driv_flag_gen'
    at line 1048 in E:\pcie_uart\pcie_uart\pcie_uart.srcs\sources_1\new\bridge_top_v2.v [compile index 4]
*** Error: NON_EXISTING_PORT: Non existing port 'LR_BAUD6' of module 'uart_driv_flag_gen'
    at line 1049 in E:\pcie_uart\pcie_uart\pcie_uart.srcs\sources_1\new\bridge_top_v2.v [compile index 4]
*** Error: NON_EXISTING_PORT: Non existing port 'LR_BAUD7' of module 'uart_driv_flag_gen'
    at line 1050 in E:\pcie_uart\pcie_uart\pcie_uart.srcs\sources_1\new\bridge_top_v2.v [compile index 4]
*** Error: NON_EXISTING_PORT: Non existing port 'LR_BAUD8' of module 'uart_driv_flag_gen'
    at line 1051 in E:\pcie_uart\pcie_uart\pcie_uart.srcs\sources_1\new\bridge_top_v2.v [compile index 4]
*** Error: NON_EXISTING_PORT: Non existing port 'LR_BAUD9' of module 'uart_driv_flag_gen'
    at line 1052 in E:\pcie_uart\pcie_uart\pcie_uart.srcs\sources_1\new\bridge_top_v2.v [compile index 4]
*** Error: NON_EXISTING_PORT: Non existing port 'LR_BAUD10' of module 'uart_driv_flag_gen'
    at line 1053 in E:\pcie_uart\pcie_uart\pcie_uart.srcs\sources_1\new\bridge_top_v2.v [compile index 4]
*** Error: NON_EXISTING_PORT: Non existing port 'LR_BAUD11' of module 'uart_driv_flag_gen'
    at line 1054 in E:\pcie_uart\pcie_uart\pcie_uart.srcs\sources_1\new\bridge_top_v2.v [compile index 4]
*** Error: NON_EXISTING_PORT: Non existing port 'LR_BAUD12' of module 'uart_driv_flag_gen'
    at line 1055 in E:\pcie_uart\pcie_uart\pcie_uart.srcs\sources_1\new\bridge_top_v2.v [compile index 4]
*** Error: NON_EXISTING_PORT: Non existing port 'LR_BAUD13' of module 'uart_driv_flag_gen'
    at line 1056 in E:\pcie_uart\pcie_uart\pcie_uart.srcs\sources_1\new\bridge_top_v2.v [compile index 4]
*** Error: NON_EXISTING_PORT: Non existing port 'LR_BAUD14' of module 'uart_driv_flag_gen'
    at line 1057 in E:\pcie_uart\pcie_uart\pcie_uart.srcs\sources_1\new\bridge_top_v2.v [compile index 4]
*** Error: NON_EXISTING_PORT: Non existing port 'LR_BAUD15' of module 'uart_driv_flag_gen'
    at line 1058 in E:\pcie_uart\pcie_uart\pcie_uart.srcs\sources_1\new\bridge_top_v2.v [compile index 4]
*** Error: NON_EXISTING_PORT: Non existing port 'LR_BAUD16' of module 'uart_driv_flag_gen'
    at line 1059 in E:\pcie_uart\pcie_uart\pcie_uart.srcs\sources_1\new\bridge_top_v2.v [compile index 4]
*** Error: NON_EXISTING_PORT: Non existing port 'LR_BAUD17' of module 'uart_driv_flag_gen'
    at line 1060 in E:\pcie_uart\pcie_uart\pcie_uart.srcs\sources_1\new\bridge_top_v2.v [compile index 4]
*** Error: NON_EXISTING_PORT: Non existing port 'LR_BAUD18' of module 'uart_driv_flag_gen'
    at line 1061 in E:\pcie_uart\pcie_uart\pcie_uart.srcs\sources_1\new\bridge_top_v2.v [compile index 4]
*** Error: NON_EXISTING_PORT: Non existing port 'LR_BAUD19' of module 'uart_driv_flag_gen'
    at line 1062 in E:\pcie_uart\pcie_uart\pcie_uart.srcs\sources_1\new\bridge_top_v2.v [compile index 4]
*** Error: NON_EXISTING_PORT: Non existing port 'LR_BAUD20' of module 'uart_driv_flag_gen'
    at line 1063 in E:\pcie_uart\pcie_uart\pcie_uart.srcs\sources_1\new\bridge_top_v2.v [compile index 4]
*** Error: NON_EXISTING_PORT: Non existing port 'LR_BAUD21' of module 'uart_driv_flag_gen'
    at line 1064 in E:\pcie_uart\pcie_uart\pcie_uart.srcs\sources_1\new\bridge_top_v2.v [compile index 4]
*** Error: NON_EXISTING_PORT: Non existing port 'LR_BAUD22' of module 'uart_driv_flag_gen'
    at line 1065 in E:\pcie_uart\pcie_uart\pcie_uart.srcs\sources_1\new\bridge_top_v2.v [compile index 4]
*** Error: NON_EXISTING_PORT: Non existing port 'LR_BAUD23' of module 'uart_driv_flag_gen'
    at line 1066 in E:\pcie_uart\pcie_uart\pcie_uart.srcs\sources_1\new\bridge_top_v2.v [compile index 4]
*** Error: NON_EXISTING_PORT: Non existing port 'LR_BAUD_VLD' of module 'uart_driv_flag_gen'
    at line 1067 in E:\pcie_uart\pcie_uart\pcie_uart.srcs\sources_1\new\bridge_top_v2.v [compile index 4]
*** Error: NON_EXISTING_PORT: Non existing port 'is_baud_sync' of module 'uart_driv_flag_gen'
    at line 1068 in E:\pcie_uart\pcie_uart\pcie_uart.srcs\sources_1\new\bridge_top_v2.v [compile index 4]
*** Error: NON_EXISTING_PORT: Non existing port 'chl_clr_req' of module 'uart_driv_flag_gen'
    at line 1071 in E:\pcie_uart\pcie_uart\pcie_uart.srcs\sources_1\new\bridge_top_v2.v [compile index 4]
*** Error: NON_EXISTING_PORT: Non existing port 'chl_clr_done' of module 'uart_driv_flag_gen'
    at line 1072 in E:\pcie_uart\pcie_uart\pcie_uart.srcs\sources_1\new\bridge_top_v2.v [compile index 4]
*** Warning: WIDTH_MISMATCH_TRUNCATION: Assignment to 'is_start_bit' of '1-bit' type from '{12'd0, is_start_bit}' of '24-bit' type
    at line 1070 in E:\pcie_uart\pcie_uart\pcie_uart.srcs\sources_1\new\bridge_top_v2.v [compile index 4]
*** Warning: WIDTH_MISMATCH_PADDING: Assignment to '{tx_driv_flag, rx_driv_flag}' of '24-bit' type from 'uart_driv_flag' of '1-bit' type
    at line 1073 in E:\pcie_uart\pcie_uart\pcie_uart.srcs\sources_1\new\bridge_top_v2.v [compile index 4]
*** Warning: WIDTH_MISMATCH_PADDING: Assignment to 'LITE_REG_TX_TFF_USEDW[i]' of '16-bit' type from 'LR_TFF_USEDW' of '11-bit' type
    at line 988 in E:\pcie_uart\pcie_uart\pcie_uart.srcs\sources_1\new\bridge_top_v2.v [compile index 4]
*** Error: NON_EXISTING_PORT: Non existing port 'i_uart_tx_cfg_if' of module 'axi_uart_tx'
    at line 33 in E:\pcie_uart\pcie_uart\pcie_uart.srcs\sources_1\new\axi_uart_top.sv [compile index 11]
*** Error: NON_EXISTING_TYPE: Non existing type 'uart_rx_cfg_if.i'
    at line 10 in E:\pcie_uart\pcie_uart\pcie_uart.srcs\sources_1\new\axi_uart_top.sv [compile index 11]
*** Error: NON_EXISTING_TYPE: Non existing type 'uart_tx_cfg_if.i'
    at line 11 in E:\pcie_uart\pcie_uart\pcie_uart.srcs\sources_1\new\axi_uart_top.sv [compile index 11]
*** Warning: MISSING_PORT_CONNECTION: Instance 'AXI_UART_TX_U' of module 'axi_uart_tx' is missing port connection to input 'uart_tx_cfg_para'
    at line 26 in E:\pcie_uart\pcie_uart\pcie_uart.srcs\sources_1\new\axi_uart_top.sv [compile index 11]
*** Warning: UNDECLARED_MODULE: Module 'uart_ff_8k' is not declared
    at line 297 in E:\pcie_uart\pcie_uart\pcie_uart.srcs\sources_1\new\uart_f2ser_read.v [compile index 1]
*** Warning: ASSIGNMENT_NON_BLOCKING: Non-blocking assignment of 'rff_din_data_eff' in combinational logic (use blocking assignment)
    at line 327 in E:\pcie_uart\pcie_uart\pcie_uart.srcs\sources_1\new\uart_f2ser_read.v [compile index 1]
*** Warning: CASE_ITEM_WIDTH_MISMATCH: Comparison between case expression 'rx_cnt' of '4-bit' type and item expression '0' of '32-bit' type
    at line 329 in E:\pcie_uart\pcie_uart\pcie_uart.srcs\sources_1\new\uart_f2ser_read.v [compile index 1]
*** Warning: ASSIGNMENT_NON_BLOCKING: Non-blocking assignment of 'rff_din_data_eff' in combinational logic (use blocking assignment)
    at line 329 in E:\pcie_uart\pcie_uart\pcie_uart.srcs\sources_1\new\uart_f2ser_read.v [compile index 1]
*** Warning: CASE_ITEM_WIDTH_MISMATCH: Comparison between case expression 'rx_cnt' of '4-bit' type and item expression '9' of '32-bit' type
    at line 330 in E:\pcie_uart\pcie_uart\pcie_uart.srcs\sources_1\new\uart_f2ser_read.v [compile index 1]
*** Warning: ASSIGNMENT_NON_BLOCKING: Non-blocking assignment of 'rff_din_data_eff' in combinational logic (use blocking assignment)
    at line 330 in E:\pcie_uart\pcie_uart\pcie_uart.srcs\sources_1\new\uart_f2ser_read.v [compile index 1]
*** Warning: ASSIGNMENT_NON_BLOCKING: Non-blocking assignment of 'rff_din_data_eff' in combinational logic (use blocking assignment)
    at line 331 in E:\pcie_uart\pcie_uart\pcie_uart.srcs\sources_1\new\uart_f2ser_read.v [compile index 1]
*** Warning: CASE_ITEM_WIDTH_MISMATCH: Comparison between case expression 'para_cfg_req_post' of '2-bit' type and item expression '0' of '32-bit' type
    at line 490 in E:\pcie_uart\pcie_uart\pcie_uart.srcs\sources_1\new\uart_f2ser_read.v [compile index 1]
*** Warning: CASE_ITEM_WIDTH_MISMATCH: Comparison between case expression 'para_cfg_req_post' of '2-bit' type and item expression '1' of '32-bit' type
    at line 497 in E:\pcie_uart\pcie_uart\pcie_uart.srcs\sources_1\new\uart_f2ser_read.v [compile index 1]
*** Warning: CASE_ITEM_WIDTH_MISMATCH: Comparison between case expression 'para_cfg_req_post' of '2-bit' type and item expression '2' of '32-bit' type
    at line 504 in E:\pcie_uart\pcie_uart\pcie_uart.srcs\sources_1\new\uart_f2ser_read.v [compile index 1]
*** Warning: ASSIGNMENT_NON_BLOCKING: Non-blocking assignment of 'ns' in combinational logic (use blocking assignment)
    at line 525 in E:\pcie_uart\pcie_uart\pcie_uart.srcs\sources_1\new\uart_f2ser_read.v [compile index 1]
*** Warning: ASSIGNMENT_NON_BLOCKING: Non-blocking assignment of 'ns' in combinational logic (use blocking assignment)
    at line 527 in E:\pcie_uart\pcie_uart\pcie_uart.srcs\sources_1\new\uart_f2ser_read.v [compile index 1]
*** Warning: ASSIGNMENT_NON_BLOCKING: Non-blocking assignment of 'ns' in combinational logic (use blocking assignment)
    at line 531 in E:\pcie_uart\pcie_uart\pcie_uart.srcs\sources_1\new\uart_f2ser_read.v [compile index 1]
*** Warning: ASSIGNMENT_NON_BLOCKING: Non-blocking assignment of 'ns' in combinational logic (use blocking assignment)
    at line 533 in E:\pcie_uart\pcie_uart\pcie_uart.srcs\sources_1\new\uart_f2ser_read.v [compile index 1]
*** Warning: ASSIGNMENT_NON_BLOCKING: Non-blocking assignment of 'ns' in combinational logic (use blocking assignment)
    at line 535 in E:\pcie_uart\pcie_uart\pcie_uart.srcs\sources_1\new\uart_f2ser_read.v [compile index 1]
*** Warning: ASSIGNMENT_NON_BLOCKING: Non-blocking assignment of 'ns' in combinational logic (use blocking assignment)
    at line 538 in E:\pcie_uart\pcie_uart\pcie_uart.srcs\sources_1\new\uart_f2ser_read.v [compile index 1]
*** Warning: ASSIGNMENT_NON_BLOCKING: Non-blocking assignment of 'ns' in combinational logic (use blocking assignment)
    at line 540 in E:\pcie_uart\pcie_uart\pcie_uart.srcs\sources_1\new\uart_f2ser_read.v [compile index 1]
*** Warning: ASSIGNMENT_NON_BLOCKING: Non-blocking assignment of 'ns' in combinational logic (use blocking assignment)
    at line 543 in E:\pcie_uart\pcie_uart\pcie_uart.srcs\sources_1\new\uart_f2ser_read.v [compile index 1]
*** Warning: ASSIGNMENT_NON_BLOCKING: Non-blocking assignment of 'ns' in combinational logic (use blocking assignment)
    at line 545 in E:\pcie_uart\pcie_uart\pcie_uart.srcs\sources_1\new\uart_f2ser_read.v [compile index 1]
*** Warning: ASSIGNMENT_NON_BLOCKING: Non-blocking assignment of 'ns' in combinational logic (use blocking assignment)
    at line 547 in E:\pcie_uart\pcie_uart\pcie_uart.srcs\sources_1\new\uart_f2ser_read.v [compile index 1]
*** Warning: ASSIGNMENT_NON_BLOCKING: Non-blocking assignment of 'ns' in combinational logic (use blocking assignment)
    at line 549 in E:\pcie_uart\pcie_uart\pcie_uart.srcs\sources_1\new\uart_f2ser_read.v [compile index 1]
*** Warning: ASSIGNMENT_NON_BLOCKING: Non-blocking assignment of 'ns' in combinational logic (use blocking assignment)
    at line 553 in E:\pcie_uart\pcie_uart\pcie_uart.srcs\sources_1\new\uart_f2ser_read.v [compile index 1]
*** Warning: ASSIGNMENT_NON_BLOCKING: Non-blocking assignment of 'ns' in combinational logic (use blocking assignment)
    at line 555 in E:\pcie_uart\pcie_uart\pcie_uart.srcs\sources_1\new\uart_f2ser_read.v [compile index 1]
*** Warning: ASSIGNMENT_NON_BLOCKING: Non-blocking assignment of 'ns' in combinational logic (use blocking assignment)
    at line 558 in E:\pcie_uart\pcie_uart\pcie_uart.srcs\sources_1\new\uart_f2ser_read.v [compile index 1]
*** Warning: ASSIGNMENT_NON_BLOCKING: Non-blocking assignment of 'ns' in combinational logic (use blocking assignment)
    at line 560 in E:\pcie_uart\pcie_uart\pcie_uart.srcs\sources_1\new\uart_f2ser_read.v [compile index 1]
*** Warning: ASSIGNMENT_NON_BLOCKING: Non-blocking assignment of 'ns' in combinational logic (use blocking assignment)
    at line 562 in E:\pcie_uart\pcie_uart\pcie_uart.srcs\sources_1\new\uart_f2ser_read.v [compile index 1]
*** Warning: ASSIGNMENT_NON_BLOCKING: Non-blocking assignment of 'ns' in combinational logic (use blocking assignment)
    at line 564 in E:\pcie_uart\pcie_uart\pcie_uart.srcs\sources_1\new\uart_f2ser_read.v [compile index 1]
*** Warning: CASE_ITEM_WIDTH_MISMATCH: Comparison between case expression 'rx_cnt' of '4-bit' type and item expression '0' of '32-bit' type
    at line 576 in E:\pcie_uart\pcie_uart\pcie_uart.srcs\sources_1\new\uart_f2ser_read.v [compile index 1]
*** Warning: CASE_ITEM_WIDTH_MISMATCH: Comparison between case expression 'rx_cnt' of '4-bit' type and item expression '1' of '32-bit' type
    at line 577 in E:\pcie_uart\pcie_uart\pcie_uart.srcs\sources_1\new\uart_f2ser_read.v [compile index 1]
*** Warning: CASE_ITEM_WIDTH_MISMATCH: Comparison between case expression 'rx_cnt' of '4-bit' type and item expression '2' of '32-bit' type
    at line 578 in E:\pcie_uart\pcie_uart\pcie_uart.srcs\sources_1\new\uart_f2ser_read.v [compile index 1]
*** Warning: CASE_ITEM_WIDTH_MISMATCH: Comparison between case expression 'rx_cnt' of '4-bit' type and item expression '3' of '32-bit' type
    at line 579 in E:\pcie_uart\pcie_uart\pcie_uart.srcs\sources_1\new\uart_f2ser_read.v [compile index 1]
*** Warning: CASE_ITEM_WIDTH_MISMATCH: Comparison between case expression 'rx_cnt' of '4-bit' type and item expression '4' of '32-bit' type
    at line 580 in E:\pcie_uart\pcie_uart\pcie_uart.srcs\sources_1\new\uart_f2ser_read.v [compile index 1]
*** Warning: CASE_ITEM_WIDTH_MISMATCH: Comparison between case expression 'rx_cnt' of '4-bit' type and item expression '5' of '32-bit' type
    at line 581 in E:\pcie_uart\pcie_uart\pcie_uart.srcs\sources_1\new\uart_f2ser_read.v [compile index 1]
*** Warning: CASE_ITEM_WIDTH_MISMATCH: Comparison between case expression 'rx_cnt' of '4-bit' type and item expression '6' of '32-bit' type
    at line 582 in E:\pcie_uart\pcie_uart\pcie_uart.srcs\sources_1\new\uart_f2ser_read.v [compile index 1]
*** Warning: CASE_ITEM_WIDTH_MISMATCH: Comparison between case expression 'rx_cnt' of '4-bit' type and item expression '7' of '32-bit' type
    at line 583 in E:\pcie_uart\pcie_uart\pcie_uart.srcs\sources_1\new\uart_f2ser_read.v [compile index 1]
*** Warning: CASE_ITEM_WIDTH_MISMATCH: Comparison between case expression 'rx_cnt' of '4-bit' type and item expression '8' of '32-bit' type
    at line 584 in E:\pcie_uart\pcie_uart\pcie_uart.srcs\sources_1\new\uart_f2ser_read.v [compile index 1]
*** Error: NON_EXISTING_TYPE: Non existing type 'uart_tx_cfg_t'
    at line 11 in E:\pcie_uart\pcie_uart\pcie_uart.srcs\sources_1\new\axi_uart_tx.sv [compile index 8]
*** Error: USAGE_BEFORE_DECLARATION: Element 'awready' is used before being declared
    at line 90 in E:\pcie_uart\pcie_uart\pcie_uart.srcs\sources_1\new\axi_uart_tx.sv
    at line 16 in E:\pcie_uart\pcie_uart\pcie_uart.srcs\sources_1\new\axi_uart_tx.sv [compile index 8]
*** Error: USAGE_BEFORE_DECLARATION: Element 'wready' is used before being declared
    at line 91 in E:\pcie_uart\pcie_uart\pcie_uart.srcs\sources_1\new\axi_uart_tx.sv
    at line 17 in E:\pcie_uart\pcie_uart\pcie_uart.srcs\sources_1\new\axi_uart_tx.sv [compile index 8]
*** Error: USAGE_BEFORE_DECLARATION: Element 'bid' is used before being declared
    at line 92 in E:\pcie_uart\pcie_uart\pcie_uart.srcs\sources_1\new\axi_uart_tx.sv
    at line 18 in E:\pcie_uart\pcie_uart\pcie_uart.srcs\sources_1\new\axi_uart_tx.sv [compile index 8]
*** Error: USAGE_BEFORE_DECLARATION: Element 'bresp' is used before being declared
    at line 93 in E:\pcie_uart\pcie_uart\pcie_uart.srcs\sources_1\new\axi_uart_tx.sv
    at line 19 in E:\pcie_uart\pcie_uart\pcie_uart.srcs\sources_1\new\axi_uart_tx.sv [compile index 8]
*** Error: USAGE_BEFORE_DECLARATION: Element 'bvalid' is used before being declared
    at line 94 in E:\pcie_uart\pcie_uart\pcie_uart.srcs\sources_1\new\axi_uart_tx.sv
    at line 20 in E:\pcie_uart\pcie_uart\pcie_uart.srcs\sources_1\new\axi_uart_tx.sv [compile index 8]
*** Error: NON_EXISTING_TYPE: Non existing type 'uart_tx_cfg_t'
    at line 40 in E:\pcie_uart\pcie_uart\pcie_uart.srcs\sources_1\new\axi_uart_tx.sv [compile index 8]
*** Error: NON_EXISTING_TYPE: Non existing type 'uart_tx_cfg_t'
    at line 41 in E:\pcie_uart\pcie_uart\pcie_uart.srcs\sources_1\new\axi_uart_tx.sv [compile index 8]
*** Error: UNDECLARED_IDENTIFIER: Identifier 'i_uart_tx_cfg_if' is not declared
    at line 47 in E:\pcie_uart\pcie_uart\pcie_uart.srcs\sources_1\new\axi_uart_tx.sv [compile index 8]
*** Error: UNDECLARED_IDENTIFIER: Identifier 'wstrb' is not declared
    at line 59 in E:\pcie_uart\pcie_uart\pcie_uart.srcs\sources_1\new\axi_uart_tx.sv [compile index 8]
*** Error: UNDECLARED_IDENTIFIER: Identifier 'tx_driv_flag' is not declared
    at line 138 in E:\pcie_uart\pcie_uart\pcie_uart.srcs\sources_1\new\axi_uart_tx.sv [compile index 8]
*** Error: UNDECLARED_IDENTIFIER: Identifier 'step_len' is not declared
    at line 158 in E:\pcie_uart\pcie_uart\pcie_uart.srcs\sources_1\new\axi_uart_tx.sv [compile index 8]
*** Error: UNDECLARED_IDENTIFIER: Identifier 'frac_step_len' is not declared
    at line 172 in E:\pcie_uart\pcie_uart\pcie_uart.srcs\sources_1\new\axi_uart_tx.sv [compile index 8]
*** Error: UNDECLARED_IDENTIFIER: Identifier 'frac_step_len' is not declared
    at line 174 in E:\pcie_uart\pcie_uart\pcie_uart.srcs\sources_1\new\axi_uart_tx.sv [compile index 8]
*** Error: UNDECLARED_IDENTIFIER: Identifier 'para_stop_bit' is not declared
    at line 191 in E:\pcie_uart\pcie_uart\pcie_uart.srcs\sources_1\new\axi_uart_tx.sv [compile index 8]
*** Error: UNDECLARED_IDENTIFIER: Identifier 'STOP_BIT_1P5' is not declared
    at line 191 in E:\pcie_uart\pcie_uart\pcie_uart.srcs\sources_1\new\axi_uart_tx.sv [compile index 8]
*** Error: UNDECLARED_IDENTIFIER: Identifier 'tx_driv_flag' is not declared
    at line 193 in E:\pcie_uart\pcie_uart\pcie_uart.srcs\sources_1\new\axi_uart_tx.sv [compile index 8]
*** Error: UNDECLARED_IDENTIFIER: Identifier 'para_stop_bit' is not declared
    at line 201 in E:\pcie_uart\pcie_uart\pcie_uart.srcs\sources_1\new\axi_uart_tx.sv [compile index 8]
*** Error: UNDECLARED_IDENTIFIER: Identifier 'STOP_BIT_1' is not declared
    at line 201 in E:\pcie_uart\pcie_uart\pcie_uart.srcs\sources_1\new\axi_uart_tx.sv [compile index 8]
*** Error: UNDECLARED_IDENTIFIER: Identifier 'para_parity_chk' is not declared
    at line 202 in E:\pcie_uart\pcie_uart\pcie_uart.srcs\sources_1\new\axi_uart_tx.sv [compile index 8]
*** Error: UNDECLARED_IDENTIFIER: Identifier 'P_CHK_NONE' is not declared
    at line 202 in E:\pcie_uart\pcie_uart\pcie_uart.srcs\sources_1\new\axi_uart_tx.sv [compile index 8]
*** Error: UNDECLARED_IDENTIFIER: Identifier 'para_data_width' is not declared
    at line 203 in E:\pcie_uart\pcie_uart\pcie_uart.srcs\sources_1\new\axi_uart_tx.sv [compile index 8]
*** Error: UNDECLARED_IDENTIFIER: Identifier 'para_tx_invl_mode' is not declared
    at line 204 in E:\pcie_uart\pcie_uart\pcie_uart.srcs\sources_1\new\axi_uart_tx.sv [compile index 8]
*** Error: UNDECLARED_IDENTIFIER: Identifier 'para_tx_invl_0p5_baud' is not declared
    at line 205 in E:\pcie_uart\pcie_uart\pcie_uart.srcs\sources_1\new\axi_uart_tx.sv [compile index 8]
*** Error: UNDECLARED_IDENTIFIER: Identifier 'para_tx_invl_clk_prd' is not declared
    at line 206 in E:\pcie_uart\pcie_uart\pcie_uart.srcs\sources_1\new\axi_uart_tx.sv [compile index 8]
*** Error: UNDECLARED_IDENTIFIER: Identifier 'para_stop_bit' is not declared
    at line 209 in E:\pcie_uart\pcie_uart\pcie_uart.srcs\sources_1\new\axi_uart_tx.sv [compile index 8]
*** Error: UNDECLARED_IDENTIFIER: Identifier 'LR_STOP_BIT' is not declared
    at line 209 in E:\pcie_uart\pcie_uart\pcie_uart.srcs\sources_1\new\axi_uart_tx.sv [compile index 8]
*** Error: UNDECLARED_IDENTIFIER: Identifier 'STOP_BIT_2' is not declared
    at line 209 in E:\pcie_uart\pcie_uart\pcie_uart.srcs\sources_1\new\axi_uart_tx.sv [compile index 8]
*** Error: UNDECLARED_IDENTIFIER: Identifier 'para_parity_chk' is not declared
    at line 210 in E:\pcie_uart\pcie_uart\pcie_uart.srcs\sources_1\new\axi_uart_tx.sv [compile index 8]
*** Error: UNDECLARED_IDENTIFIER: Identifier 'LR_P_CHK' is not declared
    at line 210 in E:\pcie_uart\pcie_uart\pcie_uart.srcs\sources_1\new\axi_uart_tx.sv [compile index 8]
*** Error: UNDECLARED_IDENTIFIER: Identifier 'P_CHK_SPACE' is not declared
    at line 210 in E:\pcie_uart\pcie_uart\pcie_uart.srcs\sources_1\new\axi_uart_tx.sv [compile index 8]
*** Error: UNDECLARED_IDENTIFIER: Identifier 'para_data_width' is not declared
    at line 211 in E:\pcie_uart\pcie_uart\pcie_uart.srcs\sources_1\new\axi_uart_tx.sv [compile index 8]
*** Error: UNDECLARED_IDENTIFIER: Identifier 'LR_D_WDITH' is not declared
    at line 211 in E:\pcie_uart\pcie_uart\pcie_uart.srcs\sources_1\new\axi_uart_tx.sv [compile index 8]
*** Error: UNDECLARED_IDENTIFIER: Identifier 'para_tx_invl_mode' is not declared
    at line 212 in E:\pcie_uart\pcie_uart\pcie_uart.srcs\sources_1\new\axi_uart_tx.sv [compile index 8]
*** Error: UNDECLARED_IDENTIFIER: Identifier 'LR_INVL_MODE' is not declared
    at line 212 in E:\pcie_uart\pcie_uart\pcie_uart.srcs\sources_1\new\axi_uart_tx.sv [compile index 8]
*** Error: UNDECLARED_IDENTIFIER: Identifier 'para_tx_invl_0p5_baud' is not declared
    at line 213 in E:\pcie_uart\pcie_uart\pcie_uart.srcs\sources_1\new\axi_uart_tx.sv [compile index 8]
*** Error: UNDECLARED_IDENTIFIER: Identifier 'LR_INVL_HF_BAUD' is not declared
    at line 213 in E:\pcie_uart\pcie_uart\pcie_uart.srcs\sources_1\new\axi_uart_tx.sv [compile index 8]
*** Error: UNDECLARED_IDENTIFIER: Identifier 'para_tx_invl_clk_prd' is not declared
    at line 214 in E:\pcie_uart\pcie_uart\pcie_uart.srcs\sources_1\new\axi_uart_tx.sv [compile index 8]
*** Error: UNDECLARED_IDENTIFIER: Identifier 'LR_INVL_CLK_PD' is not declared
    at line 214 in E:\pcie_uart\pcie_uart\pcie_uart.srcs\sources_1\new\axi_uart_tx.sv [compile index 8]
*** Error: UNDECLARED_IDENTIFIER: Identifier 'para_stop_bit' is not declared
    at line 217 in E:\pcie_uart\pcie_uart\pcie_uart.srcs\sources_1\new\axi_uart_tx.sv [compile index 8]
*** Error: UNDECLARED_IDENTIFIER: Identifier 'para_parity_chk' is not declared
    at line 218 in E:\pcie_uart\pcie_uart\pcie_uart.srcs\sources_1\new\axi_uart_tx.sv [compile index 8]
*** Error: UNDECLARED_IDENTIFIER: Identifier 'para_data_width' is not declared
    at line 219 in E:\pcie_uart\pcie_uart\pcie_uart.srcs\sources_1\new\axi_uart_tx.sv [compile index 8]
*** Error: UNDECLARED_IDENTIFIER: Identifier 'para_tx_invl_mode' is not declared
    at line 220 in E:\pcie_uart\pcie_uart\pcie_uart.srcs\sources_1\new\axi_uart_tx.sv [compile index 8]
*** Error: UNDECLARED_IDENTIFIER: Identifier 'para_tx_invl_0p5_baud' is not declared
    at line 221 in E:\pcie_uart\pcie_uart\pcie_uart.srcs\sources_1\new\axi_uart_tx.sv [compile index 8]
*** Error: UNDECLARED_IDENTIFIER: Identifier 'para_tx_invl_clk_prd' is not declared
    at line 222 in E:\pcie_uart\pcie_uart\pcie_uart.srcs\sources_1\new\axi_uart_tx.sv [compile index 8]
*** Error: UNDECLARED_IDENTIFIER: Identifier 'LR_CFG_REQ' is not declared
    at line 230 in E:\pcie_uart\pcie_uart\pcie_uart.srcs\sources_1\new\axi_uart_tx.sv [compile index 8]
*** Error: UNDECLARED_IDENTIFIER: Identifier 'chl_clr_req' is not declared
    at line 232 in E:\pcie_uart\pcie_uart\pcie_uart.srcs\sources_1\new\axi_uart_tx.sv [compile index 8]
*** Error: UNDECLARED_IDENTIFIER: Identifier 'chl_clr_req' is not declared
    at line 237 in E:\pcie_uart\pcie_uart\pcie_uart.srcs\sources_1\new\axi_uart_tx.sv [compile index 8]
*** Error: UNDECLARED_IDENTIFIER: Identifier 'LR_CFG_DONE' is not declared
    at line 239 in E:\pcie_uart\pcie_uart\pcie_uart.srcs\sources_1\new\axi_uart_tx.sv [compile index 8]
*** Error: UNDECLARED_IDENTIFIER: Identifier 'chl_clr_done' is not declared
    at line 244 in E:\pcie_uart\pcie_uart\pcie_uart.srcs\sources_1\new\axi_uart_tx.sv [compile index 8]
*** Error: UNDECLARED_IDENTIFIER: Identifier 'LR_CFG_DONE' is not declared
    at line 255 in E:\pcie_uart\pcie_uart\pcie_uart.srcs\sources_1\new\axi_uart_tx.sv [compile index 8]
*** Error: UNDECLARED_IDENTIFIER: Identifier 'LR_STOP_BIT' is not declared
    at line 257 in E:\pcie_uart\pcie_uart\pcie_uart.srcs\sources_1\new\axi_uart_tx.sv [compile index 8]
*** Error: UNDECLARED_IDENTIFIER: Identifier 'STOP_BIT_2' is not declared
    at line 257 in E:\pcie_uart\pcie_uart\pcie_uart.srcs\sources_1\new\axi_uart_tx.sv [compile index 8]
*** Error: UNDECLARED_IDENTIFIER: Identifier 'LR_P_CHK' is not declared
    at line 257 in E:\pcie_uart\pcie_uart\pcie_uart.srcs\sources_1\new\axi_uart_tx.sv [compile index 8]
*** Error: UNDECLARED_IDENTIFIER: Identifier 'P_CHK_SPACE' is not declared
    at line 257 in E:\pcie_uart\pcie_uart\pcie_uart.srcs\sources_1\new\axi_uart_tx.sv [compile index 8]
*** Error: UNDECLARED_IDENTIFIER: Identifier 'LR_D_WDITH' is not declared
    at line 257 in E:\pcie_uart\pcie_uart\pcie_uart.srcs\sources_1\new\axi_uart_tx.sv [compile index 8]
*** Error: UNDECLARED_IDENTIFIER: Identifier 'LR_CFG_DONE' is not declared
    at line 258 in E:\pcie_uart\pcie_uart\pcie_uart.srcs\sources_1\new\axi_uart_tx.sv [compile index 8]
*** Error: UNDECLARED_IDENTIFIER: Identifier 'LR_CFG_DONE' is not declared
    at line 260 in E:\pcie_uart\pcie_uart\pcie_uart.srcs\sources_1\new\axi_uart_tx.sv [compile index 8]
*** Error: UNDECLARED_IDENTIFIER: Identifier 'LR_CFG_DONE' is not declared
    at line 262 in E:\pcie_uart\pcie_uart\pcie_uart.srcs\sources_1\new\axi_uart_tx.sv [compile index 8]
*** Error: UNDECLARED_IDENTIFIER: Identifier 'chl_clr_done' is not declared
    at line 267 in E:\pcie_uart\pcie_uart\pcie_uart.srcs\sources_1\new\axi_uart_tx.sv [compile index 8]
*** Error: UNDECLARED_IDENTIFIER: Identifier 'chl_clr_req' is not declared
    at line 268 in E:\pcie_uart\pcie_uart\pcie_uart.srcs\sources_1\new\axi_uart_tx.sv [compile index 8]
*** Error: UNDECLARED_IDENTIFIER: Identifier 'chl_clr_done' is not declared
    at line 269 in E:\pcie_uart\pcie_uart\pcie_uart.srcs\sources_1\new\axi_uart_tx.sv [compile index 8]
*** Error: UNDECLARED_IDENTIFIER: Identifier 'chl_clr_done' is not declared
    at line 271 in E:\pcie_uart\pcie_uart\pcie_uart.srcs\sources_1\new\axi_uart_tx.sv [compile index 8]
*** Error: UNDECLARED_IDENTIFIER: Identifier 'LR_TFF_USEDW' is not declared
    at line 311 in E:\pcie_uart\pcie_uart\pcie_uart.srcs\sources_1\new\axi_uart_tx.sv [compile index 8]
*** Error: UNDECLARED_IDENTIFIER: Identifier 'LR_TFF_USEDW' is not declared
    at line 313 in E:\pcie_uart\pcie_uart\pcie_uart.srcs\sources_1\new\axi_uart_tx.sv [compile index 8]
*** Error: UNDECLARED_IDENTIFIER: Identifier 'para_tx_invl_mode' is not declared
    at line 321 in E:\pcie_uart\pcie_uart\pcie_uart.srcs\sources_1\new\axi_uart_tx.sv [compile index 8]
*** Error: UNDECLARED_IDENTIFIER: Identifier 'LR_CFG_DONE' is not declared
    at line 327 in E:\pcie_uart\pcie_uart\pcie_uart.srcs\sources_1\new\axi_uart_tx.sv [compile index 8]
*** Error: UNDECLARED_IDENTIFIER: Identifier 'chl_clr_done' is not declared
    at line 327 in E:\pcie_uart\pcie_uart\pcie_uart.srcs\sources_1\new\axi_uart_tx.sv [compile index 8]
*** Error: UNDECLARED_IDENTIFIER: Identifier 'para_parity_chk' is not declared
    at line 348 in E:\pcie_uart\pcie_uart\pcie_uart.srcs\sources_1\new\axi_uart_tx.sv [compile index 8]
*** Error: UNDECLARED_IDENTIFIER: Identifier 'P_CHK_NONE' is not declared
    at line 348 in E:\pcie_uart\pcie_uart\pcie_uart.srcs\sources_1\new\axi_uart_tx.sv [compile index 8]
*** Error: UNDECLARED_IDENTIFIER: Identifier 'para_tx_invl_mode' is not declared
    at line 364 in E:\pcie_uart\pcie_uart\pcie_uart.srcs\sources_1\new\axi_uart_tx.sv [compile index 8]
*** Error: UNDECLARED_IDENTIFIER: Identifier 'LR_CFG_DONE' is not declared
    at line 369 in E:\pcie_uart\pcie_uart\pcie_uart.srcs\sources_1\new\axi_uart_tx.sv [compile index 8]
*** Error: UNDECLARED_IDENTIFIER: Identifier 'para_tx_invl_mode' is not declared
    at line 373 in E:\pcie_uart\pcie_uart\pcie_uart.srcs\sources_1\new\axi_uart_tx.sv [compile index 8]
*** Error: UNDECLARED_IDENTIFIER: Identifier 'chl_clr_done' is not declared
    at line 377 in E:\pcie_uart\pcie_uart\pcie_uart.srcs\sources_1\new\axi_uart_tx.sv [compile index 8]
*** Error: UNDECLARED_IDENTIFIER: Identifier 'para_tx_invl_mode' is not declared
    at line 381 in E:\pcie_uart\pcie_uart\pcie_uart.srcs\sources_1\new\axi_uart_tx.sv [compile index 8]
*** Error: UNDECLARED_IDENTIFIER: Identifier 'para_stop_bit' is not declared
    at line 413 in E:\pcie_uart\pcie_uart\pcie_uart.srcs\sources_1\new\axi_uart_tx.sv [compile index 8]
*** Error: UNDECLARED_IDENTIFIER: Identifier 'para_parity_chk' is not declared
    at line 430 in E:\pcie_uart\pcie_uart\pcie_uart.srcs\sources_1\new\axi_uart_tx.sv [compile index 8]
*** Error: UNDECLARED_IDENTIFIER: Identifier 'P_CHK_NONE' is not declared
    at line 430 in E:\pcie_uart\pcie_uart\pcie_uart.srcs\sources_1\new\axi_uart_tx.sv [compile index 8]
*** Error: UNDECLARED_IDENTIFIER: Identifier 'para_parity_chk' is not declared
    at line 453 in E:\pcie_uart\pcie_uart\pcie_uart.srcs\sources_1\new\axi_uart_tx.sv [compile index 8]
*** Error: UNDECLARED_IDENTIFIER: Identifier 'P_CHK_ODD' is not declared
    at line 453 in E:\pcie_uart\pcie_uart\pcie_uart.srcs\sources_1\new\axi_uart_tx.sv [compile index 8]
*** Error: UNDECLARED_IDENTIFIER: Identifier 'para_parity_chk' is not declared
    at line 454 in E:\pcie_uart\pcie_uart\pcie_uart.srcs\sources_1\new\axi_uart_tx.sv [compile index 8]
*** Error: UNDECLARED_IDENTIFIER: Identifier 'P_CHK_EVEN' is not declared
    at line 454 in E:\pcie_uart\pcie_uart\pcie_uart.srcs\sources_1\new\axi_uart_tx.sv [compile index 8]
*** Error: UNDECLARED_IDENTIFIER: Identifier 'para_parity_chk' is not declared
    at line 455 in E:\pcie_uart\pcie_uart\pcie_uart.srcs\sources_1\new\axi_uart_tx.sv [compile index 8]
*** Error: UNDECLARED_IDENTIFIER: Identifier 'P_CHK_MARK' is not declared
    at line 455 in E:\pcie_uart\pcie_uart\pcie_uart.srcs\sources_1\new\axi_uart_tx.sv [compile index 8]
*** Error: UNDECLARED_IDENTIFIER: Identifier 'para_parity_chk' is not declared
    at line 456 in E:\pcie_uart\pcie_uart\pcie_uart.srcs\sources_1\new\axi_uart_tx.sv [compile index 8]
*** Error: UNDECLARED_IDENTIFIER: Identifier 'P_CHK_SPACE' is not declared
    at line 456 in E:\pcie_uart\pcie_uart\pcie_uart.srcs\sources_1\new\axi_uart_tx.sv [compile index 8]
*** Error: UNDECLARED_IDENTIFIER: Identifier 'wstrb' is not declared
    at line 464 in E:\pcie_uart\pcie_uart\pcie_uart.srcs\sources_1\new\axi_uart_tx.sv [compile index 8]
*** Error: UNDECLARED_IDENTIFIER: Identifier 'wstrb' is not declared
    at line 465 in E:\pcie_uart\pcie_uart\pcie_uart.srcs\sources_1\new\axi_uart_tx.sv [compile index 8]
*** Error: UNDECLARED_IDENTIFIER: Identifier 'i' is not declared
    at line 478 in E:\pcie_uart\pcie_uart\pcie_uart.srcs\sources_1\new\axi_uart_tx.sv [compile index 8]
*** Error: UNDECLARED_IDENTIFIER: Identifier 'i' is not declared
    at line 480 in E:\pcie_uart\pcie_uart\pcie_uart.srcs\sources_1\new\axi_uart_tx.sv [compile index 8]
*** Error: UNDECLARED_IDENTIFIER: Identifier 'wstrb' is not declared
    at line 480 in E:\pcie_uart\pcie_uart\pcie_uart.srcs\sources_1\new\axi_uart_tx.sv [compile index 8]
*** Error: UNDECLARED_IDENTIFIER: Identifier 'wdata' is not declared
    at line 480 in E:\pcie_uart\pcie_uart\pcie_uart.srcs\sources_1\new\axi_uart_tx.sv [compile index 8]
*** Error: UNDECLARED_IDENTIFIER: Identifier 'i' is not declared
    at line 482 in E:\pcie_uart\pcie_uart\pcie_uart.srcs\sources_1\new\axi_uart_tx.sv [compile index 8]
*** Error: UNDECLARED_IDENTIFIER: Identifier 'i' is not declared
    at line 483 in E:\pcie_uart\pcie_uart\pcie_uart.srcs\sources_1\new\axi_uart_tx.sv [compile index 8]
*** Error: UNDECLARED_IDENTIFIER: Identifier 'i' is not declared
    at line 485 in E:\pcie_uart\pcie_uart\pcie_uart.srcs\sources_1\new\axi_uart_tx.sv [compile index 8]
*** Error: UNDECLARED_IDENTIFIER: Identifier 'i' is not declared
    at line 487 in E:\pcie_uart\pcie_uart\pcie_uart.srcs\sources_1\new\axi_uart_tx.sv [compile index 8]
*** Error: UNDECLARED_IDENTIFIER: Identifier 'i' is not declared
    at line 488 in E:\pcie_uart\pcie_uart\pcie_uart.srcs\sources_1\new\axi_uart_tx.sv [compile index 8]
*** Error: UNDECLARED_IDENTIFIER: Identifier 'wstrb' is not declared
    at line 488 in E:\pcie_uart\pcie_uart\pcie_uart.srcs\sources_1\new\axi_uart_tx.sv [compile index 8]
*** Error: UNDECLARED_IDENTIFIER: Identifier 'i' is not declared
    at line 490 in E:\pcie_uart\pcie_uart\pcie_uart.srcs\sources_1\new\axi_uart_tx.sv [compile index 8]
*** Error: UNDECLARED_IDENTIFIER: Identifier 'wstrb' is not declared
    at line 490 in E:\pcie_uart\pcie_uart\pcie_uart.srcs\sources_1\new\axi_uart_tx.sv [compile index 8]
*** Warning: UNDECLARED_MODULE: Module 'uart_ff_8k' is not declared
    at line 275 in E:\pcie_uart\pcie_uart\pcie_uart.srcs\sources_1\new\axi_uart_tx.sv [compile index 8]
*** Warning: CASE_ITEM_WIDTH_MISMATCH: Comparison between case expression 'para_cfg_req_post' of '2-bit' type and item expression '0' of '32-bit' type
    at line 230 in E:\pcie_uart\pcie_uart\pcie_uart.srcs\sources_1\new\axi_uart_tx.sv [compile index 8]
*** Warning: CASE_ITEM_WIDTH_MISMATCH: Comparison between case expression 'para_cfg_req_post' of '2-bit' type and item expression '1' of '32-bit' type
    at line 237 in E:\pcie_uart\pcie_uart\pcie_uart.srcs\sources_1\new\axi_uart_tx.sv [compile index 8]
*** Warning: CASE_ITEM_WIDTH_MISMATCH: Comparison between case expression 'para_cfg_req_post' of '2-bit' type and item expression '2' of '32-bit' type
    at line 244 in E:\pcie_uart\pcie_uart\pcie_uart.srcs\sources_1\new\axi_uart_tx.sv [compile index 8]
*** Warning: ASSIGNMENT_NON_BLOCKING: Non-blocking assignment of 'ns' in combinational logic (use blocking assignment)
    at line 343 in E:\pcie_uart\pcie_uart\pcie_uart.srcs\sources_1\new\axi_uart_tx.sv [compile index 8]
*** Warning: ASSIGNMENT_NON_BLOCKING: Non-blocking assignment of 'ns' in combinational logic (use blocking assignment)
    at line 345 in E:\pcie_uart\pcie_uart\pcie_uart.srcs\sources_1\new\axi_uart_tx.sv [compile index 8]
*** Warning: ASSIGNMENT_NON_BLOCKING: Non-blocking assignment of 'ns' in combinational logic (use blocking assignment)
    at line 349 in E:\pcie_uart\pcie_uart\pcie_uart.srcs\sources_1\new\axi_uart_tx.sv [compile index 8]
*** Warning: ASSIGNMENT_NON_BLOCKING: Non-blocking assignment of 'ns' in combinational logic (use blocking assignment)
    at line 351 in E:\pcie_uart\pcie_uart\pcie_uart.srcs\sources_1\new\axi_uart_tx.sv [compile index 8]
*** Warning: ASSIGNMENT_NON_BLOCKING: Non-blocking assignment of 'ns' in combinational logic (use blocking assignment)
    at line 353 in E:\pcie_uart\pcie_uart\pcie_uart.srcs\sources_1\new\axi_uart_tx.sv [compile index 8]
*** Warning: ASSIGNMENT_NON_BLOCKING: Non-blocking assignment of 'ns' in combinational logic (use blocking assignment)
    at line 356 in E:\pcie_uart\pcie_uart\pcie_uart.srcs\sources_1\new\axi_uart_tx.sv [compile index 8]
*** Warning: ASSIGNMENT_NON_BLOCKING: Non-blocking assignment of 'ns' in combinational logic (use blocking assignment)
    at line 358 in E:\pcie_uart\pcie_uart\pcie_uart.srcs\sources_1\new\axi_uart_tx.sv [compile index 8]
*** Warning: ASSIGNMENT_NON_BLOCKING: Non-blocking assignment of 'ns' in combinational logic (use blocking assignment)
    at line 362 in E:\pcie_uart\pcie_uart\pcie_uart.srcs\sources_1\new\axi_uart_tx.sv [compile index 8]
*** Warning: ASSIGNMENT_NON_BLOCKING: Non-blocking assignment of 'ns' in combinational logic (use blocking assignment)
    at line 364 in E:\pcie_uart\pcie_uart\pcie_uart.srcs\sources_1\new\axi_uart_tx.sv [compile index 8]
*** Warning: ASSIGNMENT_NON_BLOCKING: Non-blocking assignment of 'ns' in combinational logic (use blocking assignment)
    at line 366 in E:\pcie_uart\pcie_uart\pcie_uart.srcs\sources_1\new\axi_uart_tx.sv [compile index 8]
*** Warning: ASSIGNMENT_NON_BLOCKING: Non-blocking assignment of 'ns' in combinational logic (use blocking assignment)
    at line 371 in E:\pcie_uart\pcie_uart\pcie_uart.srcs\sources_1\new\axi_uart_tx.sv [compile index 8]
*** Warning: ASSIGNMENT_NON_BLOCKING: Non-blocking assignment of 'ns' in combinational logic (use blocking assignment)
    at line 373 in E:\pcie_uart\pcie_uart\pcie_uart.srcs\sources_1\new\axi_uart_tx.sv [compile index 8]
*** Warning: ASSIGNMENT_NON_BLOCKING: Non-blocking assignment of 'ns' in combinational logic (use blocking assignment)
    at line 375 in E:\pcie_uart\pcie_uart\pcie_uart.srcs\sources_1\new\axi_uart_tx.sv [compile index 8]
*** Warning: ASSIGNMENT_NON_BLOCKING: Non-blocking assignment of 'ns' in combinational logic (use blocking assignment)
    at line 379 in E:\pcie_uart\pcie_uart\pcie_uart.srcs\sources_1\new\axi_uart_tx.sv [compile index 8]
*** Warning: ASSIGNMENT_NON_BLOCKING: Non-blocking assignment of 'ns' in combinational logic (use blocking assignment)
    at line 381 in E:\pcie_uart\pcie_uart\pcie_uart.srcs\sources_1\new\axi_uart_tx.sv [compile index 8]
*** Warning: ASSIGNMENT_NON_BLOCKING: Non-blocking assignment of 'ns' in combinational logic (use blocking assignment)
    at line 383 in E:\pcie_uart\pcie_uart\pcie_uart.srcs\sources_1\new\axi_uart_tx.sv [compile index 8]
*** Warning: ASSIGNMENT_NON_BLOCKING: Non-blocking assignment of 'ns' in combinational logic (use blocking assignment)
    at line 385 in E:\pcie_uart\pcie_uart\pcie_uart.srcs\sources_1\new\axi_uart_tx.sv [compile index 8]
*** Warning: ASSIGNMENT_NON_BLOCKING: Non-blocking assignment of 'ns' in combinational logic (use blocking assignment)
    at line 387 in E:\pcie_uart\pcie_uart\pcie_uart.srcs\sources_1\new\axi_uart_tx.sv [compile index 8]
*** Warning: CASE_ITEM_WIDTH_MISMATCH: Comparison between case expression 'tx_cnt' of '4-bit' type and item expression '0' of '32-bit' type
    at line 441 in E:\pcie_uart\pcie_uart\pcie_uart.srcs\sources_1\new\axi_uart_tx.sv [compile index 8]
*** Warning: CASE_ITEM_WIDTH_MISMATCH: Comparison between case expression 'tx_cnt' of '4-bit' type and item expression '1' of '32-bit' type
    at line 442 in E:\pcie_uart\pcie_uart\pcie_uart.srcs\sources_1\new\axi_uart_tx.sv [compile index 8]
*** Warning: CASE_ITEM_WIDTH_MISMATCH: Comparison between case expression 'tx_cnt' of '4-bit' type and item expression '2' of '32-bit' type
    at line 443 in E:\pcie_uart\pcie_uart\pcie_uart.srcs\sources_1\new\axi_uart_tx.sv [compile index 8]
*** Warning: CASE_ITEM_WIDTH_MISMATCH: Comparison between case expression 'tx_cnt' of '4-bit' type and item expression '3' of '32-bit' type
    at line 444 in E:\pcie_uart\pcie_uart\pcie_uart.srcs\sources_1\new\axi_uart_tx.sv [compile index 8]
*** Warning: CASE_ITEM_WIDTH_MISMATCH: Comparison between case expression 'tx_cnt' of '4-bit' type and item expression '4' of '32-bit' type
    at line 445 in E:\pcie_uart\pcie_uart\pcie_uart.srcs\sources_1\new\axi_uart_tx.sv [compile index 8]
*** Warning: CASE_ITEM_WIDTH_MISMATCH: Comparison between case expression 'tx_cnt' of '4-bit' type and item expression '5' of '32-bit' type
    at line 446 in E:\pcie_uart\pcie_uart\pcie_uart.srcs\sources_1\new\axi_uart_tx.sv [compile index 8]
*** Warning: CASE_ITEM_WIDTH_MISMATCH: Comparison between case expression 'tx_cnt' of '4-bit' type and item expression '6' of '32-bit' type
    at line 447 in E:\pcie_uart\pcie_uart\pcie_uart.srcs\sources_1\new\axi_uart_tx.sv [compile index 8]
*** Warning: CASE_ITEM_WIDTH_MISMATCH: Comparison between case expression 'tx_cnt' of '4-bit' type and item expression '7' of '32-bit' type
    at line 448 in E:\pcie_uart\pcie_uart\pcie_uart.srcs\sources_1\new\axi_uart_tx.sv [compile index 8]
*** Warning: CASE_ITEM_WIDTH_MISMATCH: Comparison between case expression 'tx_cnt' of '4-bit' type and item expression '8' of '32-bit' type
    at line 449 in E:\pcie_uart\pcie_uart\pcie_uart.srcs\sources_1\new\axi_uart_tx.sv [compile index 8]
*** Warning: ASSIGNMENT_NON_BLOCKING: Non-blocking assignment of 'eff_wstrb' in combinational logic (use blocking assignment)
    at line 530 in E:\pcie_uart\pcie_uart\pcie_uart.srcs\sources_1\new\axi_uart_tx.sv [compile index 8]
*** Warning: ASSIGNMENT_NON_BLOCKING: Non-blocking assignment of 'eff_wstrb' in combinational logic (use blocking assignment)
    at line 532 in E:\pcie_uart\pcie_uart\pcie_uart.srcs\sources_1\new\axi_uart_tx.sv [compile index 8]
*** Warning: ASSIGNMENT_NON_BLOCKING: Non-blocking assignment of 'eff_wstrb' in combinational logic (use blocking assignment)
    at line 534 in E:\pcie_uart\pcie_uart\pcie_uart.srcs\sources_1\new\axi_uart_tx.sv [compile index 8]
*** Warning: UNDECLARED_MODULE: Module 'IBUFDS_GTE2' is not declared
    at line 46 in E:\pcie_uart\pcie_uart\pcie_uart.srcs\sources_1\new\pcie_uart.v [compile index 17]
*** Warning: UNDECLARED_MODULE: Module 'design_1_wrapper' is not declared
    at line 56 in E:\pcie_uart\pcie_uart\pcie_uart.srcs\sources_1\new\pcie_uart.v [compile index 17]
*** Warning: UNDECLARED_MODULE: Module 'uart_ff_8k' is not declared
    at line 369 in E:\pcie_uart\pcie_uart\pcie_uart.srcs\sources_1\new\uart_f2ser_write.v [compile index 2]
*** Warning: CASE_ITEM_WIDTH_MISMATCH: Comparison between case expression 'para_cfg_req_post' of '2-bit' type and item expression '0' of '32-bit' type
    at line 311 in E:\pcie_uart\pcie_uart\pcie_uart.srcs\sources_1\new\uart_f2ser_write.v [compile index 2]
*** Warning: CASE_ITEM_WIDTH_MISMATCH: Comparison between case expression 'para_cfg_req_post' of '2-bit' type and item expression '1' of '32-bit' type
    at line 318 in E:\pcie_uart\pcie_uart\pcie_uart.srcs\sources_1\new\uart_f2ser_write.v [compile index 2]
*** Warning: CASE_ITEM_WIDTH_MISMATCH: Comparison between case expression 'para_cfg_req_post' of '2-bit' type and item expression '2' of '32-bit' type
    at line 325 in E:\pcie_uart\pcie_uart\pcie_uart.srcs\sources_1\new\uart_f2ser_write.v [compile index 2]
*** Warning: ASSIGNMENT_NON_BLOCKING: Non-blocking assignment of 'ns' in combinational logic (use blocking assignment)
    at line 437 in E:\pcie_uart\pcie_uart\pcie_uart.srcs\sources_1\new\uart_f2ser_write.v [compile index 2]
*** Warning: ASSIGNMENT_NON_BLOCKING: Non-blocking assignment of 'ns' in combinational logic (use blocking assignment)
    at line 439 in E:\pcie_uart\pcie_uart\pcie_uart.srcs\sources_1\new\uart_f2ser_write.v [compile index 2]
*** Warning: ASSIGNMENT_NON_BLOCKING: Non-blocking assignment of 'ns' in combinational logic (use blocking assignment)
    at line 443 in E:\pcie_uart\pcie_uart\pcie_uart.srcs\sources_1\new\uart_f2ser_write.v [compile index 2]
*** Warning: ASSIGNMENT_NON_BLOCKING: Non-blocking assignment of 'ns' in combinational logic (use blocking assignment)
    at line 445 in E:\pcie_uart\pcie_uart\pcie_uart.srcs\sources_1\new\uart_f2ser_write.v [compile index 2]
*** Warning: ASSIGNMENT_NON_BLOCKING: Non-blocking assignment of 'ns' in combinational logic (use blocking assignment)
    at line 447 in E:\pcie_uart\pcie_uart\pcie_uart.srcs\sources_1\new\uart_f2ser_write.v [compile index 2]
*** Warning: ASSIGNMENT_NON_BLOCKING: Non-blocking assignment of 'ns' in combinational logic (use blocking assignment)
    at line 450 in E:\pcie_uart\pcie_uart\pcie_uart.srcs\sources_1\new\uart_f2ser_write.v [compile index 2]
*** Warning: ASSIGNMENT_NON_BLOCKING: Non-blocking assignment of 'ns' in combinational logic (use blocking assignment)
    at line 452 in E:\pcie_uart\pcie_uart\pcie_uart.srcs\sources_1\new\uart_f2ser_write.v [compile index 2]
*** Warning: ASSIGNMENT_NON_BLOCKING: Non-blocking assignment of 'ns' in combinational logic (use blocking assignment)
    at line 456 in E:\pcie_uart\pcie_uart\pcie_uart.srcs\sources_1\new\uart_f2ser_write.v [compile index 2]
*** Warning: ASSIGNMENT_NON_BLOCKING: Non-blocking assignment of 'ns' in combinational logic (use blocking assignment)
    at line 458 in E:\pcie_uart\pcie_uart\pcie_uart.srcs\sources_1\new\uart_f2ser_write.v [compile index 2]
*** Warning: ASSIGNMENT_NON_BLOCKING: Non-blocking assignment of 'ns' in combinational logic (use blocking assignment)
    at line 460 in E:\pcie_uart\pcie_uart\pcie_uart.srcs\sources_1\new\uart_f2ser_write.v [compile index 2]
*** Warning: ASSIGNMENT_NON_BLOCKING: Non-blocking assignment of 'ns' in combinational logic (use blocking assignment)
    at line 465 in E:\pcie_uart\pcie_uart\pcie_uart.srcs\sources_1\new\uart_f2ser_write.v [compile index 2]
*** Warning: ASSIGNMENT_NON_BLOCKING: Non-blocking assignment of 'ns' in combinational logic (use blocking assignment)
    at line 467 in E:\pcie_uart\pcie_uart\pcie_uart.srcs\sources_1\new\uart_f2ser_write.v [compile index 2]
*** Warning: ASSIGNMENT_NON_BLOCKING: Non-blocking assignment of 'ns' in combinational logic (use blocking assignment)
    at line 469 in E:\pcie_uart\pcie_uart\pcie_uart.srcs\sources_1\new\uart_f2ser_write.v [compile index 2]
*** Warning: ASSIGNMENT_NON_BLOCKING: Non-blocking assignment of 'ns' in combinational logic (use blocking assignment)
    at line 473 in E:\pcie_uart\pcie_uart\pcie_uart.srcs\sources_1\new\uart_f2ser_write.v [compile index 2]
*** Warning: ASSIGNMENT_NON_BLOCKING: Non-blocking assignment of 'ns' in combinational logic (use blocking assignment)
    at line 475 in E:\pcie_uart\pcie_uart\pcie_uart.srcs\sources_1\new\uart_f2ser_write.v [compile index 2]
*** Warning: ASSIGNMENT_NON_BLOCKING: Non-blocking assignment of 'ns' in combinational logic (use blocking assignment)
    at line 477 in E:\pcie_uart\pcie_uart\pcie_uart.srcs\sources_1\new\uart_f2ser_write.v [compile index 2]
*** Warning: ASSIGNMENT_NON_BLOCKING: Non-blocking assignment of 'ns' in combinational logic (use blocking assignment)
    at line 479 in E:\pcie_uart\pcie_uart\pcie_uart.srcs\sources_1\new\uart_f2ser_write.v [compile index 2]
*** Warning: ASSIGNMENT_NON_BLOCKING: Non-blocking assignment of 'ns' in combinational logic (use blocking assignment)
    at line 481 in E:\pcie_uart\pcie_uart\pcie_uart.srcs\sources_1\new\uart_f2ser_write.v [compile index 2]
*** Warning: CASE_ITEM_WIDTH_MISMATCH: Comparison between case expression 'tx_cnt' of '4-bit' type and item expression '0' of '32-bit' type
    at line 535 in E:\pcie_uart\pcie_uart\pcie_uart.srcs\sources_1\new\uart_f2ser_write.v [compile index 2]
*** Warning: CASE_ITEM_WIDTH_MISMATCH: Comparison between case expression 'tx_cnt' of '4-bit' type and item expression '1' of '32-bit' type
    at line 536 in E:\pcie_uart\pcie_uart\pcie_uart.srcs\sources_1\new\uart_f2ser_write.v [compile index 2]
*** Warning: CASE_ITEM_WIDTH_MISMATCH: Comparison between case expression 'tx_cnt' of '4-bit' type and item expression '2' of '32-bit' type
    at line 537 in E:\pcie_uart\pcie_uart\pcie_uart.srcs\sources_1\new\uart_f2ser_write.v [compile index 2]
*** Warning: CASE_ITEM_WIDTH_MISMATCH: Comparison between case expression 'tx_cnt' of '4-bit' type and item expression '3' of '32-bit' type
    at line 538 in E:\pcie_uart\pcie_uart\pcie_uart.srcs\sources_1\new\uart_f2ser_write.v [compile index 2]
*** Warning: CASE_ITEM_WIDTH_MISMATCH: Comparison between case expression 'tx_cnt' of '4-bit' type and item expression '4' of '32-bit' type
    at line 539 in E:\pcie_uart\pcie_uart\pcie_uart.srcs\sources_1\new\uart_f2ser_write.v [compile index 2]
*** Warning: CASE_ITEM_WIDTH_MISMATCH: Comparison between case expression 'tx_cnt' of '4-bit' type and item expression '5' of '32-bit' type
    at line 540 in E:\pcie_uart\pcie_uart\pcie_uart.srcs\sources_1\new\uart_f2ser_write.v [compile index 2]
*** Warning: CASE_ITEM_WIDTH_MISMATCH: Comparison between case expression 'tx_cnt' of '4-bit' type and item expression '6' of '32-bit' type
    at line 541 in E:\pcie_uart\pcie_uart\pcie_uart.srcs\sources_1\new\uart_f2ser_write.v [compile index 2]
*** Warning: CASE_ITEM_WIDTH_MISMATCH: Comparison between case expression 'tx_cnt' of '4-bit' type and item expression '7' of '32-bit' type
    at line 542 in E:\pcie_uart\pcie_uart\pcie_uart.srcs\sources_1\new\uart_f2ser_write.v [compile index 2]
*** Warning: CASE_ITEM_WIDTH_MISMATCH: Comparison between case expression 'tx_cnt' of '4-bit' type and item expression '8' of '32-bit' type
    at line 543 in E:\pcie_uart\pcie_uart\pcie_uart.srcs\sources_1\new\uart_f2ser_write.v [compile index 2]
*** Warning: ASSIGNMENT_NON_BLOCKING: Non-blocking assignment of 'eff_wstrb' in combinational logic (use blocking assignment)
    at line 629 in E:\pcie_uart\pcie_uart\pcie_uart.srcs\sources_1\new\uart_f2ser_write.v [compile index 2]
*** Warning: ASSIGNMENT_NON_BLOCKING: Non-blocking assignment of 'eff_wstrb' in combinational logic (use blocking assignment)
    at line 631 in E:\pcie_uart\pcie_uart\pcie_uart.srcs\sources_1\new\uart_f2ser_write.v [compile index 2]
*** Warning: ASSIGNMENT_NON_BLOCKING: Non-blocking assignment of 'eff_wstrb' in combinational logic (use blocking assignment)
    at line 633 in E:\pcie_uart\pcie_uart\pcie_uart.srcs\sources_1\new\uart_f2ser_write.v [compile index 2]
*** Error: NON_EXISTING_TYPE: Non existing type 'uart_rx_cfg_if.i'
    at line 10 in E:\pcie_uart\pcie_uart\pcie_uart.srcs\sources_1\new\axi_uart_rx.sv [compile index 14]
*** Error: UNDECLARED_IDENTIFIER: Identifier 'step_len' is not declared
    at line 25 in E:\pcie_uart\pcie_uart\pcie_uart.srcs\sources_1\new\flag_gen.sv [compile index 5]
*** Error: UNDECLARED_IDENTIFIER: Identifier 'i' is not declared
    at line 42 in E:\pcie_uart\pcie_uart\pcie_uart.srcs\sources_1\new\flag_gen.sv [compile index 5]
*** Error: UNDECLARED_IDENTIFIER: Identifier 'frac_step_len' is not declared
    at line 43 in E:\pcie_uart\pcie_uart\pcie_uart.srcs\sources_1\new\flag_gen.sv [compile index 5]
*** Error: UNDECLARED_IDENTIFIER: Identifier 'frac_step_len' is not declared
    at line 45 in E:\pcie_uart\pcie_uart\pcie_uart.srcs\sources_1\new\flag_gen.sv [compile index 5]
*** Warning: WIDTH_MISMATCH_TRUNCATION: Assignment to 'bar_reg[R1_RFF_USEDW]' of '32-bit' type from '{21'd0, LITE_REG_R1_RFF_USEDW}' of '37-bit' type
    at line 1829 in E:\pcie_uart\pcie_uart\pcie_uart.srcs\sources_1\new\xdma_bar_ctrl.v [compile index 18]
*** Warning: WIDTH_MISMATCH_TRUNCATION: Assignment to 'bar_reg[R2_RFF_USEDW]' of '32-bit' type from '{21'd0, LITE_REG_R2_RFF_USEDW}' of '37-bit' type
    at line 1833 in E:\pcie_uart\pcie_uart\pcie_uart.srcs\sources_1\new\xdma_bar_ctrl.v [compile index 18]
*** Warning: WIDTH_MISMATCH_TRUNCATION: Assignment to 'bar_reg[R3_RFF_USEDW]' of '32-bit' type from '{21'd0, LITE_REG_R3_RFF_USEDW}' of '37-bit' type
    at line 1837 in E:\pcie_uart\pcie_uart\pcie_uart.srcs\sources_1\new\xdma_bar_ctrl.v [compile index 18]
*** Warning: WIDTH_MISMATCH_TRUNCATION: Assignment to 'bar_reg[R4_RFF_USEDW]' of '32-bit' type from '{21'd0, LITE_REG_R4_RFF_USEDW}' of '37-bit' type
    at line 1841 in E:\pcie_uart\pcie_uart\pcie_uart.srcs\sources_1\new\xdma_bar_ctrl.v [compile index 18]
*** Warning: WIDTH_MISMATCH_TRUNCATION: Assignment to 'bar_reg[R5_RFF_USEDW]' of '32-bit' type from '{21'd0, LITE_REG_R5_RFF_USEDW}' of '37-bit' type
    at line 1845 in E:\pcie_uart\pcie_uart\pcie_uart.srcs\sources_1\new\xdma_bar_ctrl.v [compile index 18]
*** Warning: WIDTH_MISMATCH_TRUNCATION: Assignment to 'bar_reg[R6_RFF_USEDW]' of '32-bit' type from '{21'd0, LITE_REG_R6_RFF_USEDW}' of '37-bit' type
    at line 1849 in E:\pcie_uart\pcie_uart\pcie_uart.srcs\sources_1\new\xdma_bar_ctrl.v [compile index 18]
*** Warning: WIDTH_MISMATCH_TRUNCATION: Assignment to 'bar_reg[R7_RFF_USEDW]' of '32-bit' type from '{21'd0, LITE_REG_R7_RFF_USEDW}' of '37-bit' type
    at line 1853 in E:\pcie_uart\pcie_uart\pcie_uart.srcs\sources_1\new\xdma_bar_ctrl.v [compile index 18]
*** Warning: WIDTH_MISMATCH_TRUNCATION: Assignment to 'bar_reg[R8_RFF_USEDW]' of '32-bit' type from '{21'd0, LITE_REG_R8_RFF_USEDW}' of '37-bit' type
    at line 1857 in E:\pcie_uart\pcie_uart\pcie_uart.srcs\sources_1\new\xdma_bar_ctrl.v [compile index 18]
*** Warning: WIDTH_MISMATCH_TRUNCATION: Assignment to 'bar_reg[R9_RFF_USEDW]' of '32-bit' type from '{21'd0, LITE_REG_R9_RFF_USEDW}' of '37-bit' type
    at line 1861 in E:\pcie_uart\pcie_uart\pcie_uart.srcs\sources_1\new\xdma_bar_ctrl.v [compile index 18]
*** Warning: WIDTH_MISMATCH_TRUNCATION: Assignment to 'bar_reg[R10_RFF_USEDW]' of '32-bit' type from '{21'd0, LITE_REG_R10_RFF_USEDW...' of '37-bit' type
    at line 1865 in E:\pcie_uart\pcie_uart\pcie_uart.srcs\sources_1\new\xdma_bar_ctrl.v [compile index 18]
*** Warning: WIDTH_MISMATCH_TRUNCATION: Assignment to 'bar_reg[R11_RFF_USEDW]' of '32-bit' type from '{21'd0, LITE_REG_R11_RFF_USEDW...' of '37-bit' type
    at line 1869 in E:\pcie_uart\pcie_uart\pcie_uart.srcs\sources_1\new\xdma_bar_ctrl.v [compile index 18]
*** Warning: WIDTH_MISMATCH_TRUNCATION: Assignment to 'bar_reg[R12_RFF_USEDW]' of '32-bit' type from '{21'd0, LITE_REG_R12_RFF_USEDW...' of '37-bit' type
    at line 1873 in E:\pcie_uart\pcie_uart\pcie_uart.srcs\sources_1\new\xdma_bar_ctrl.v [compile index 18]
*** Warning: WIDTH_MISMATCH_TRUNCATION: Assignment to 'bar_reg[T1_TFF_USEDW]' of '32-bit' type from '{21'd0, LITE_REG_T1_TFF_USEDW}' of '37-bit' type
    at line 1875 in E:\pcie_uart\pcie_uart\pcie_uart.srcs\sources_1\new\xdma_bar_ctrl.v [compile index 18]
*** Warning: WIDTH_MISMATCH_TRUNCATION: Assignment to 'bar_reg[T2_TFF_USEDW]' of '32-bit' type from '{21'd0, LITE_REG_T2_TFF_USEDW}' of '37-bit' type
    at line 1876 in E:\pcie_uart\pcie_uart\pcie_uart.srcs\sources_1\new\xdma_bar_ctrl.v [compile index 18]
*** Warning: WIDTH_MISMATCH_TRUNCATION: Assignment to 'bar_reg[T3_TFF_USEDW]' of '32-bit' type from '{21'd0, LITE_REG_T3_TFF_USEDW}' of '37-bit' type
    at line 1877 in E:\pcie_uart\pcie_uart\pcie_uart.srcs\sources_1\new\xdma_bar_ctrl.v [compile index 18]
*** Warning: WIDTH_MISMATCH_TRUNCATION: Assignment to 'bar_reg[T4_TFF_USEDW]' of '32-bit' type from '{21'd0, LITE_REG_T4_TFF_USEDW}' of '37-bit' type
    at line 1878 in E:\pcie_uart\pcie_uart\pcie_uart.srcs\sources_1\new\xdma_bar_ctrl.v [compile index 18]
*** Warning: WIDTH_MISMATCH_TRUNCATION: Assignment to 'bar_reg[T5_TFF_USEDW]' of '32-bit' type from '{21'd0, LITE_REG_T5_TFF_USEDW}' of '37-bit' type
    at line 1879 in E:\pcie_uart\pcie_uart\pcie_uart.srcs\sources_1\new\xdma_bar_ctrl.v [compile index 18]
*** Warning: WIDTH_MISMATCH_TRUNCATION: Assignment to 'bar_reg[T6_TFF_USEDW]' of '32-bit' type from '{21'd0, LITE_REG_T6_TFF_USEDW}' of '37-bit' type
    at line 1880 in E:\pcie_uart\pcie_uart\pcie_uart.srcs\sources_1\new\xdma_bar_ctrl.v [compile index 18]
*** Warning: WIDTH_MISMATCH_TRUNCATION: Assignment to 'bar_reg[T7_TFF_USEDW]' of '32-bit' type from '{21'd0, LITE_REG_T7_TFF_USEDW}' of '37-bit' type
    at line 1881 in E:\pcie_uart\pcie_uart\pcie_uart.srcs\sources_1\new\xdma_bar_ctrl.v [compile index 18]
*** Warning: WIDTH_MISMATCH_TRUNCATION: Assignment to 'bar_reg[T8_TFF_USEDW]' of '32-bit' type from '{21'd0, LITE_REG_T8_TFF_USEDW}' of '37-bit' type
    at line 1882 in E:\pcie_uart\pcie_uart\pcie_uart.srcs\sources_1\new\xdma_bar_ctrl.v [compile index 18]
*** Warning: WIDTH_MISMATCH_TRUNCATION: Assignment to 'bar_reg[T9_TFF_USEDW]' of '32-bit' type from '{21'd0, LITE_REG_T9_TFF_USEDW}' of '37-bit' type
    at line 1883 in E:\pcie_uart\pcie_uart\pcie_uart.srcs\sources_1\new\xdma_bar_ctrl.v [compile index 18]
*** Warning: WIDTH_MISMATCH_TRUNCATION: Assignment to 'bar_reg[T10_TFF_USEDW]' of '32-bit' type from '{21'd0, LITE_REG_T10_TFF_USEDW...' of '37-bit' type
    at line 1884 in E:\pcie_uart\pcie_uart\pcie_uart.srcs\sources_1\new\xdma_bar_ctrl.v [compile index 18]
*** Warning: WIDTH_MISMATCH_TRUNCATION: Assignment to 'bar_reg[T11_TFF_USEDW]' of '32-bit' type from '{21'd0, LITE_REG_T11_TFF_USEDW...' of '37-bit' type
    at line 1885 in E:\pcie_uart\pcie_uart\pcie_uart.srcs\sources_1\new\xdma_bar_ctrl.v [compile index 18]
*** Warning: WIDTH_MISMATCH_TRUNCATION: Assignment to 'bar_reg[T12_TFF_USEDW]' of '32-bit' type from '{21'd0, LITE_REG_T12_TFF_USEDW...' of '37-bit' type
    at line 1886 in E:\pcie_uart\pcie_uart\pcie_uart.srcs\sources_1\new\xdma_bar_ctrl.v [compile index 18]
*** Warning: ASSIGNMENT_NON_BLOCKING: Non-blocking assignment of 'ns' in combinational logic (use blocking assignment)
    at line 2870 in E:\pcie_uart\pcie_uart\pcie_uart.srcs\sources_1\new\xdma_bar_ctrl.v [compile index 18]
*** Warning: ASSIGNMENT_NON_BLOCKING: Non-blocking assignment of 'ns' in combinational logic (use blocking assignment)
    at line 2872 in E:\pcie_uart\pcie_uart\pcie_uart.srcs\sources_1\new\xdma_bar_ctrl.v [compile index 18]
*** Warning: ASSIGNMENT_NON_BLOCKING: Non-blocking assignment of 'ns' in combinational logic (use blocking assignment)
    at line 2874 in E:\pcie_uart\pcie_uart\pcie_uart.srcs\sources_1\new\xdma_bar_ctrl.v [compile index 18]
*** Warning: ASSIGNMENT_NON_BLOCKING: Non-blocking assignment of 'ns' in combinational logic (use blocking assignment)
    at line 2876 in E:\pcie_uart\pcie_uart\pcie_uart.srcs\sources_1\new\xdma_bar_ctrl.v [compile index 18]
*** Warning: ASSIGNMENT_NON_BLOCKING: Non-blocking assignment of 'ns' in combinational logic (use blocking assignment)
    at line 2880 in E:\pcie_uart\pcie_uart\pcie_uart.srcs\sources_1\new\xdma_bar_ctrl.v [compile index 18]
*** Warning: ASSIGNMENT_NON_BLOCKING: Non-blocking assignment of 'ns' in combinational logic (use blocking assignment)
    at line 2882 in E:\pcie_uart\pcie_uart\pcie_uart.srcs\sources_1\new\xdma_bar_ctrl.v [compile index 18]
*** Warning: ASSIGNMENT_NON_BLOCKING: Non-blocking assignment of 'ns' in combinational logic (use blocking assignment)
    at line 2885 in E:\pcie_uart\pcie_uart\pcie_uart.srcs\sources_1\new\xdma_bar_ctrl.v [compile index 18]
*** Warning: ASSIGNMENT_NON_BLOCKING: Non-blocking assignment of 'ns' in combinational logic (use blocking assignment)
    at line 2887 in E:\pcie_uart\pcie_uart\pcie_uart.srcs\sources_1\new\xdma_bar_ctrl.v [compile index 18]
*** Warning: ASSIGNMENT_NON_BLOCKING: Non-blocking assignment of 'ns' in combinational logic (use blocking assignment)
    at line 2890 in E:\pcie_uart\pcie_uart\pcie_uart.srcs\sources_1\new\xdma_bar_ctrl.v [compile index 18]
*** Warning: ASSIGNMENT_NON_BLOCKING: Non-blocking assignment of 'ns' in combinational logic (use blocking assignment)
    at line 2892 in E:\pcie_uart\pcie_uart\pcie_uart.srcs\sources_1\new\xdma_bar_ctrl.v [compile index 18]
*** Warning: ASSIGNMENT_NON_BLOCKING: Non-blocking assignment of 'ns' in combinational logic (use blocking assignment)
    at line 2895 in E:\pcie_uart\pcie_uart\pcie_uart.srcs\sources_1\new\xdma_bar_ctrl.v [compile index 18]
*** Warning: ASSIGNMENT_NON_BLOCKING: Non-blocking assignment of 'ns' in combinational logic (use blocking assignment)
    at line 2897 in E:\pcie_uart\pcie_uart\pcie_uart.srcs\sources_1\new\xdma_bar_ctrl.v [compile index 18]
*** Warning: ASSIGNMENT_NON_BLOCKING: Non-blocking assignment of 'ns' in combinational logic (use blocking assignment)
    at line 2898 in E:\pcie_uart\pcie_uart\pcie_uart.srcs\sources_1\new\xdma_bar_ctrl.v [compile index 18]
*** Warning: UNELABORATED_MODULE: Module 'work.uart_driv_flag_gen' is not elaborated
    at line 23 in E:\pcie_uart\pcie_uart\pcie_uart.srcs\sources_1\new\uart_driv_flag_gen.v [compile index 3]
*** Warning: ASSIGNMENT_NON_BLOCKING: Non-blocking assignment of 'mns' in combinational logic (use blocking assignment)
    at line 189 in E:\pcie_uart\pcie_uart\pcie_uart.srcs\sources_1\new\uart_driv_flag_gen.v [compile index 3]
*** Warning: ASSIGNMENT_NON_BLOCKING: Non-blocking assignment of 'mns' in combinational logic (use blocking assignment)
    at line 191 in E:\pcie_uart\pcie_uart\pcie_uart.srcs\sources_1\new\uart_driv_flag_gen.v [compile index 3]
*** Warning: ASSIGNMENT_NON_BLOCKING: Non-blocking assignment of 'mns' in combinational logic (use blocking assignment)
    at line 193 in E:\pcie_uart\pcie_uart\pcie_uart.srcs\sources_1\new\uart_driv_flag_gen.v [compile index 3]
*** Warning: ASSIGNMENT_NON_BLOCKING: Non-blocking assignment of 'mns' in combinational logic (use blocking assignment)
    at line 196 in E:\pcie_uart\pcie_uart\pcie_uart.srcs\sources_1\new\uart_driv_flag_gen.v [compile index 3]
*** Warning: ASSIGNMENT_NON_BLOCKING: Non-blocking assignment of 'mns' in combinational logic (use blocking assignment)
    at line 198 in E:\pcie_uart\pcie_uart\pcie_uart.srcs\sources_1\new\uart_driv_flag_gen.v [compile index 3]
*** Warning: ASSIGNMENT_NON_BLOCKING: Non-blocking assignment of 'mns' in combinational logic (use blocking assignment)
    at line 201 in E:\pcie_uart\pcie_uart\pcie_uart.srcs\sources_1\new\uart_driv_flag_gen.v [compile index 3]
*** Warning: ASSIGNMENT_NON_BLOCKING: Non-blocking assignment of 'mns' in combinational logic (use blocking assignment)
    at line 203 in E:\pcie_uart\pcie_uart\pcie_uart.srcs\sources_1\new\uart_driv_flag_gen.v [compile index 3]
*** Warning: ASSIGNMENT_NON_BLOCKING: Non-blocking assignment of 'mns' in combinational logic (use blocking assignment)
    at line 206 in E:\pcie_uart\pcie_uart\pcie_uart.srcs\sources_1\new\uart_driv_flag_gen.v [compile index 3]
*** Warning: ASSIGNMENT_NON_BLOCKING: Non-blocking assignment of 'mns' in combinational logic (use blocking assignment)
    at line 208 in E:\pcie_uart\pcie_uart\pcie_uart.srcs\sources_1\new\uart_driv_flag_gen.v [compile index 3]
*** Warning: ASSIGNMENT_NON_BLOCKING: Non-blocking assignment of 'mns' in combinational logic (use blocking assignment)
    at line 211 in E:\pcie_uart\pcie_uart\pcie_uart.srcs\sources_1\new\uart_driv_flag_gen.v [compile index 3]
*** Warning: ASSIGNMENT_NON_BLOCKING: Non-blocking assignment of 'mns' in combinational logic (use blocking assignment)
    at line 213 in E:\pcie_uart\pcie_uart\pcie_uart.srcs\sources_1\new\uart_driv_flag_gen.v [compile index 3]
*** Warning: ASSIGNMENT_NON_BLOCKING: Non-blocking assignment of 'mns' in combinational logic (use blocking assignment)
    at line 216 in E:\pcie_uart\pcie_uart\pcie_uart.srcs\sources_1\new\uart_driv_flag_gen.v [compile index 3]
*** Warning: ASSIGNMENT_NON_BLOCKING: Non-blocking assignment of 'mns' in combinational logic (use blocking assignment)
    at line 218 in E:\pcie_uart\pcie_uart\pcie_uart.srcs\sources_1\new\uart_driv_flag_gen.v [compile index 3]
*** Warning: ASSIGNMENT_NON_BLOCKING: Non-blocking assignment of 'mns' in combinational logic (use blocking assignment)
    at line 221 in E:\pcie_uart\pcie_uart\pcie_uart.srcs\sources_1\new\uart_driv_flag_gen.v [compile index 3]
*** Warning: ASSIGNMENT_NON_BLOCKING: Non-blocking assignment of 'mns' in combinational logic (use blocking assignment)
    at line 226 in E:\pcie_uart\pcie_uart\pcie_uart.srcs\sources_1\new\uart_driv_flag_gen.v [compile index 3]
*** Warning: ASSIGNMENT_NON_BLOCKING: Non-blocking assignment of 'mns' in combinational logic (use blocking assignment)
    at line 228 in E:\pcie_uart\pcie_uart\pcie_uart.srcs\sources_1\new\uart_driv_flag_gen.v [compile index 3]
*** Warning: ASSIGNMENT_NON_BLOCKING: Non-blocking assignment of 'ns[i]' in combinational logic (use blocking assignment)
    at line 435 in E:\pcie_uart\pcie_uart\pcie_uart.srcs\sources_1\new\uart_driv_flag_gen.v [compile index 3]
*** Warning: ASSIGNMENT_NON_BLOCKING: Non-blocking assignment of 'ns[i]' in combinational logic (use blocking assignment)
    at line 437 in E:\pcie_uart\pcie_uart\pcie_uart.srcs\sources_1\new\uart_driv_flag_gen.v [compile index 3]
*** Warning: ASSIGNMENT_NON_BLOCKING: Non-blocking assignment of 'ns[i]' in combinational logic (use blocking assignment)
    at line 440 in E:\pcie_uart\pcie_uart\pcie_uart.srcs\sources_1\new\uart_driv_flag_gen.v [compile index 3]
*** Warning: ASSIGNMENT_NON_BLOCKING: Non-blocking assignment of 'ns[i]' in combinational logic (use blocking assignment)
    at line 442 in E:\pcie_uart\pcie_uart\pcie_uart.srcs\sources_1\new\uart_driv_flag_gen.v [compile index 3]
*** Warning: ASSIGNMENT_NON_BLOCKING: Non-blocking assignment of 'ns[i]' in combinational logic (use blocking assignment)
    at line 445 in E:\pcie_uart\pcie_uart\pcie_uart.srcs\sources_1\new\uart_driv_flag_gen.v [compile index 3]
*** Warning: ASSIGNMENT_NON_BLOCKING: Non-blocking assignment of 'ns[i]' in combinational logic (use blocking assignment)
    at line 447 in E:\pcie_uart\pcie_uart\pcie_uart.srcs\sources_1\new\uart_driv_flag_gen.v [compile index 3]
*** Warning: ASSIGNMENT_NON_BLOCKING: Non-blocking assignment of 'ns[i]' in combinational logic (use blocking assignment)
    at line 450 in E:\pcie_uart\pcie_uart\pcie_uart.srcs\sources_1\new\uart_driv_flag_gen.v [compile index 3]
*** Warning: ASSIGNMENT_NON_BLOCKING: Non-blocking assignment of 'ns[i]' in combinational logic (use blocking assignment)
    at line 452 in E:\pcie_uart\pcie_uart\pcie_uart.srcs\sources_1\new\uart_driv_flag_gen.v [compile index 3]
*** Warning: ASSIGNMENT_NON_BLOCKING: Non-blocking assignment of 'ns[i]' in combinational logic (use blocking assignment)
    at line 455 in E:\pcie_uart\pcie_uart\pcie_uart.srcs\sources_1\new\uart_driv_flag_gen.v [compile index 3]
*** Warning: ASSIGNMENT_NON_BLOCKING: Non-blocking assignment of 'ns[i]' in combinational logic (use blocking assignment)
    at line 457 in E:\pcie_uart\pcie_uart\pcie_uart.srcs\sources_1\new\uart_driv_flag_gen.v [compile index 3]
*** Warning: ASSIGNMENT_NON_BLOCKING: Non-blocking assignment of 'ns[i]' in combinational logic (use blocking assignment)
    at line 460 in E:\pcie_uart\pcie_uart\pcie_uart.srcs\sources_1\new\uart_driv_flag_gen.v [compile index 3]
*** Warning: ASSIGNMENT_NON_BLOCKING: Non-blocking assignment of 'ns[i]' in combinational logic (use blocking assignment)
    at line 462 in E:\pcie_uart\pcie_uart\pcie_uart.srcs\sources_1\new\uart_driv_flag_gen.v [compile index 3]
*** Warning: ASSIGNMENT_NON_BLOCKING: Non-blocking assignment of 'ns[i]' in combinational logic (use blocking assignment)
    at line 465 in E:\pcie_uart\pcie_uart\pcie_uart.srcs\sources_1\new\uart_driv_flag_gen.v [compile index 3]
*** Warning: ASSIGNMENT_NON_BLOCKING: Non-blocking assignment of 'ns[i]' in combinational logic (use blocking assignment)
    at line 467 in E:\pcie_uart\pcie_uart\pcie_uart.srcs\sources_1\new\uart_driv_flag_gen.v [compile index 3]
*** Warning: CASE_ITEM_WIDTH_MISMATCH: Comparison between case expression 'chl_clr_req[i * 2 +: 2]' of '2-bit' type and item expression '0' of '32-bit' type
    at line 534 in E:\pcie_uart\pcie_uart\pcie_uart.srcs\sources_1\new\uart_driv_flag_gen.v [compile index 3]
*** Warning: CASE_ITEM_WIDTH_MISMATCH: Comparison between case expression 'chl_clr_req[i * 2 +: 2]' of '2-bit' type and item expression '1' of '32-bit' type
    at line 542 in E:\pcie_uart\pcie_uart\pcie_uart.srcs\sources_1\new\uart_driv_flag_gen.v [compile index 3]
*** Warning: CASE_ITEM_WIDTH_MISMATCH: Comparison between case expression 'chl_clr_req[i * 2 +: 2]' of '2-bit' type and item expression '2' of '32-bit' type
    at line 543 in E:\pcie_uart\pcie_uart\pcie_uart.srcs\sources_1\new\uart_driv_flag_gen.v [compile index 3]
*** Warning: UNELABORATED_INTERFACE: Interface 'work.axi_lite_if' is not elaborated
    at line 4 in E:\pcie_uart\pcie_uart\pcie_uart.srcs\sources_1\new\_interface.sv [compile index 10]
*** Warning: UNELABORATED_INTERFACE: Interface 'work.axi_full_if' is not elaborated
    at line 73 in E:\pcie_uart\pcie_uart\pcie_uart.srcs\sources_1\new\_interface.sv [compile index 10]
*** Warning: UNELABORATED_INTERFACE: Interface 'work.debug_if' is not elaborated
    at line 188 in E:\pcie_uart\pcie_uart\pcie_uart.srcs\sources_1\new\_interface.sv [compile index 10]
Performing mixed post full build step (VLOG - RD) [1 ms] ...
Performing mixed post full build step (VLOG - US) [51 ms] ...
*** Warning: DUPLICATE_MODULE: Duplicate module 'uart_driv_flag_gen', already declared
    at line 23 in E:\pcie_uart\pcie_uart\pcie_uart.srcs\sources_1\new\uart_driv_flag_gen.v
    at line 2 in E:\pcie_uart\pcie_uart\pcie_uart.srcs\sources_1\new\flag_gen.sv [compile index 5]
*** Warning: SIGNAL_NEVER_USED: Signal 'got_whole_brust_pkt' is never used
    at line 30 in E:\pcie_uart\pcie_uart\pcie_uart.srcs\sources_1\new\uart_f2ser_read.v [compile index 1]
*** Warning: SIGNAL_NEVER_USED: Signal 'LR_FSM_RST_REQ' is never used
    at line 38 in E:\pcie_uart\pcie_uart\pcie_uart.srcs\sources_1\new\uart_f2ser_read.v [compile index 1]
*** Warning: SIGNAL_NEVER_WRITTEN: Signal 'LR_FSM_RST_DONE' is never written
    at line 43 in E:\pcie_uart\pcie_uart\pcie_uart.srcs\sources_1\new\uart_f2ser_read.v [compile index 1]
*** Warning: PARAMETER_NEVER_USED: Parameter 'STOP_BIT_1P5' is never used
    at line 92 in E:\pcie_uart\pcie_uart\pcie_uart.srcs\sources_1\new\uart_f2ser_read.v [compile index 1]
*** Warning: SIGNAL_NEVER_READ: Signal 'timeout_flag' is never read
    at line 103 in E:\pcie_uart\pcie_uart\pcie_uart.srcs\sources_1\new\uart_f2ser_read.v [compile index 1]
*** Warning: SIGNAL_NEVER_READ: Signal 'r1_rx_cnt' is never read
    at line 110 in E:\pcie_uart\pcie_uart\pcie_uart.srcs\sources_1\new\uart_f2ser_read.v [compile index 1]
*** Warning: SIGNAL_NEVER_READ: Signal 'LR_AXI_RD_LEN_wire' is never read
    at line 114 in E:\pcie_uart\pcie_uart\pcie_uart.srcs\sources_1\new\uart_f2ser_read.v [compile index 1]
*** Warning: SIGNAL_NEVER_READ: Signal 'LR_RFF_USEDW_wire' is never read
    at line 115 in E:\pcie_uart\pcie_uart\pcie_uart.srcs\sources_1\new\uart_f2ser_read.v [compile index 1]
*** Warning: SIGNAL_NEVER_USED: Signal 'pad' is never used
    at line 147 in E:\pcie_uart\pcie_uart\pcie_uart.srcs\sources_1\new\uart_f2ser_read.v [compile index 1]
*** Warning: SIGNAL_NEVER_READ: Signal 'arid' is never read
    at line 166 in E:\pcie_uart\pcie_uart\pcie_uart.srcs\sources_1\new\uart_f2ser_read.v [compile index 1]
*** Warning: SIGNAL_NEVER_READ: Signal 'araddr' is never read
    at line 167 in E:\pcie_uart\pcie_uart\pcie_uart.srcs\sources_1\new\uart_f2ser_read.v [compile index 1]
*** Warning: SIGNAL_NEVER_READ: Signal 'arlen' is never read
    at line 168 in E:\pcie_uart\pcie_uart\pcie_uart.srcs\sources_1\new\uart_f2ser_read.v [compile index 1]
*** Warning: SIGNAL_NEVER_READ: Signal 'arsize' is never read
    at line 169 in E:\pcie_uart\pcie_uart\pcie_uart.srcs\sources_1\new\uart_f2ser_read.v [compile index 1]
*** Warning: SIGNAL_NEVER_READ: Signal 'arburst' is never read
    at line 170 in E:\pcie_uart\pcie_uart\pcie_uart.srcs\sources_1\new\uart_f2ser_read.v [compile index 1]
*** Warning: SIGNAL_NEVER_READ: Signal 'arprot' is never read
    at line 171 in E:\pcie_uart\pcie_uart\pcie_uart.srcs\sources_1\new\uart_f2ser_read.v [compile index 1]
*** Warning: SIGNAL_NEVER_READ: Signal 'arlock' is never read
    at line 173 in E:\pcie_uart\pcie_uart\pcie_uart.srcs\sources_1\new\uart_f2ser_read.v [compile index 1]
*** Warning: SIGNAL_NEVER_READ: Signal 'arcache' is never read
    at line 174 in E:\pcie_uart\pcie_uart\pcie_uart.srcs\sources_1\new\uart_f2ser_read.v [compile index 1]
*** Warning: OUTPUT_PORT_READ: Reading from output port 'is_start_bit' is not recommended
    at line 246 in E:\pcie_uart\pcie_uart\pcie_uart.srcs\sources_1\new\uart_f2ser_read.v [compile index 1]
*** Warning: OUTPUT_PORT_READ: Reading from output port 'is_start_bit' is not recommended
    at line 431 in E:\pcie_uart\pcie_uart\pcie_uart.srcs\sources_1\new\uart_f2ser_read.v [compile index 1]
*** Warning: OUTPUT_PORT_READ: Reading from output port 'is_start_bit' is not recommended
    at line 479 in E:\pcie_uart\pcie_uart\pcie_uart.srcs\sources_1\new\uart_f2ser_read.v [compile index 1]
*** Warning: OUTPUT_PORT_READ: Reading from output port 'is_start_bit' is not recommended
    at line 481 in E:\pcie_uart\pcie_uart\pcie_uart.srcs\sources_1\new\uart_f2ser_read.v [compile index 1]
*** Warning: OUTPUT_PORT_READ: Reading from output port 'is_start_bit' is not recommended
    at line 524 in E:\pcie_uart\pcie_uart\pcie_uart.srcs\sources_1\new\uart_f2ser_read.v [compile index 1]
*** Warning: OUTPUT_PORT_READ: Reading from output port 'is_start_bit' is not recommended
    at line 597 in E:\pcie_uart\pcie_uart\pcie_uart.srcs\sources_1\new\uart_f2ser_read.v [compile index 1]
*** Warning: PARAMETER_NEVER_USED: Parameter 'BASE_ADDR' is never used
    at line 24 in E:\pcie_uart\pcie_uart\pcie_uart.srcs\sources_1\new\uart_f2ser_write.v [compile index 2]
*** Warning: PARAMETER_NEVER_USED: Parameter 'CHL_CLR' is never used
    at line 92 in E:\pcie_uart\pcie_uart\pcie_uart.srcs\sources_1\new\uart_f2ser_write.v [compile index 2]
*** Warning: SIGNAL_NEVER_READ: Signal 'LR_AXI_WR_MAX_LEN_wire' is never read
    at line 109 in E:\pcie_uart\pcie_uart\pcie_uart.srcs\sources_1\new\uart_f2ser_write.v [compile index 2]
*** Warning: SIGNAL_NEVER_READ: Signal 'LR_AXI_WR_EFF_LEN_wire' is never read
    at line 110 in E:\pcie_uart\pcie_uart\pcie_uart.srcs\sources_1\new\uart_f2ser_write.v [compile index 2]
*** Warning: SIGNAL_NEVER_USED: Signal 'is_byte_zero' is never used
    at line 118 in E:\pcie_uart\pcie_uart\pcie_uart.srcs\sources_1\new\uart_f2ser_write.v [compile index 2]
*** Warning: SIGNAL_NEVER_READ: Signal 'r1_w_hs' is never read
    at line 132 in E:\pcie_uart\pcie_uart\pcie_uart.srcs\sources_1\new\uart_f2ser_write.v [compile index 2]
*** Warning: SIGNAL_NEVER_READ: Signal 'awid' is never read
    at line 150 in E:\pcie_uart\pcie_uart\pcie_uart.srcs\sources_1\new\uart_f2ser_write.v [compile index 2]
*** Warning: SIGNAL_NEVER_READ: Signal 'awaddr' is never read
    at line 151 in E:\pcie_uart\pcie_uart\pcie_uart.srcs\sources_1\new\uart_f2ser_write.v [compile index 2]
*** Warning: SIGNAL_NEVER_READ: Signal 'awlen' is never read
    at line 152 in E:\pcie_uart\pcie_uart\pcie_uart.srcs\sources_1\new\uart_f2ser_write.v [compile index 2]
*** Warning: SIGNAL_NEVER_READ: Signal 'awsize' is never read
    at line 153 in E:\pcie_uart\pcie_uart\pcie_uart.srcs\sources_1\new\uart_f2ser_write.v [compile index 2]
*** Warning: SIGNAL_NEVER_READ: Signal 'awburst' is never read
    at line 154 in E:\pcie_uart\pcie_uart\pcie_uart.srcs\sources_1\new\uart_f2ser_write.v [compile index 2]
*** Warning: SIGNAL_NEVER_READ: Signal 'awprot' is never read
    at line 155 in E:\pcie_uart\pcie_uart\pcie_uart.srcs\sources_1\new\uart_f2ser_write.v [compile index 2]
*** Warning: SIGNAL_NEVER_READ: Signal 'awlock' is never read
    at line 157 in E:\pcie_uart\pcie_uart\pcie_uart.srcs\sources_1\new\uart_f2ser_write.v [compile index 2]
*** Warning: SIGNAL_NEVER_READ: Signal 'awcache' is never read
    at line 158 in E:\pcie_uart\pcie_uart\pcie_uart.srcs\sources_1\new\uart_f2ser_write.v [compile index 2]
*** Warning: SIGNAL_NEVER_READ: Signal 'fix_w_hs' is never read
    at line 173 in E:\pcie_uart\pcie_uart\pcie_uart.srcs\sources_1\new\uart_f2ser_write.v [compile index 2]
*** Warning: SIGNAL_NEVER_READ: Signal 'r1_wdata' is never read
    at line 174 in E:\pcie_uart\pcie_uart\pcie_uart.srcs\sources_1\new\uart_f2ser_write.v [compile index 2]
*** Warning: PARAMETER_NEVER_USED: Parameter '_125M_FLOAT' is never used
    at line 64 in E:\pcie_uart\pcie_uart\pcie_uart.srcs\sources_1\new\uart_driv_flag_gen.v [compile index 3]
*** Warning: PARAMETER_NEVER_USED: Parameter '_250M_FLOAT' is never used
    at line 65 in E:\pcie_uart\pcie_uart\pcie_uart.srcs\sources_1\new\uart_driv_flag_gen.v [compile index 3]
*** Warning: PARAMETER_NEVER_USED: Parameter 'INDEX' is never used
    at line 67 in E:\pcie_uart\pcie_uart\pcie_uart.srcs\sources_1\new\uart_driv_flag_gen.v [compile index 3]
*** Warning: SIGNAL_NEVER_READ: Signal 'is_baud_sync_wire' is never read
    at line 80 in E:\pcie_uart\pcie_uart\pcie_uart.srcs\sources_1\new\uart_driv_flag_gen.v [compile index 3]
*** Warning: SIGNAL_NEVER_READ: Signal 'baud0_wire' is never read
    at line 81 in E:\pcie_uart\pcie_uart\pcie_uart.srcs\sources_1\new\uart_driv_flag_gen.v [compile index 3]
*** Warning: SIGNAL_NEVER_READ: Signal 'baud12_wire' is never read
    at line 82 in E:\pcie_uart\pcie_uart\pcie_uart.srcs\sources_1\new\uart_driv_flag_gen.v [compile index 3]
*** Warning: SIGNAL_NEVER_USED: Signal 'fix2flt_o_tvalid_post' is never used
    at line 135 in E:\pcie_uart\pcie_uart\pcie_uart.srcs\sources_1\new\uart_driv_flag_gen.v [compile index 3]
*** Warning: SIGNAL_NEVER_USED: Signal 'div_o_tvalid_post' is never used
    at line 135 in E:\pcie_uart\pcie_uart\pcie_uart.srcs\sources_1\new\uart_driv_flag_gen.v [compile index 3]
*** Warning: PARAMETER_NEVER_USED: Parameter 'R_BASE_ADDR' is never used
    at line 572 in E:\pcie_uart\pcie_uart\pcie_uart.srcs\sources_1\new\bridge_top_v2.v [compile index 4]
*** Warning: SIGNAL_NEVER_USED: Signal 'test_tx_flag' is never used
    at line 616 in E:\pcie_uart\pcie_uart\pcie_uart.srcs\sources_1\new\bridge_top_v2.v [compile index 4]
*** Warning: SIGNAL_NEVER_USED: Signal 'test_rx_flag' is never used
    at line 617 in E:\pcie_uart\pcie_uart\pcie_uart.srcs\sources_1\new\bridge_top_v2.v [compile index 4]
*** Warning: SIGNAL_NEVER_USED: Signal 'LITE_REG_TX_AXI_WR_MAX_LEN' is never used
    at line 668 in E:\pcie_uart\pcie_uart\pcie_uart.srcs\sources_1\new\bridge_top_v2.v [compile index 4]
*** Warning: SIGNAL_NEVER_READ: Signal 'rx_baud_rate' is never read
    at line 676 in E:\pcie_uart\pcie_uart\pcie_uart.srcs\sources_1\new\bridge_top_v2.v [compile index 4]
*** Warning: SIGNAL_NEVER_READ: Signal 'tx_baud_rate' is never read
    at line 691 in E:\pcie_uart\pcie_uart\pcie_uart.srcs\sources_1\new\bridge_top_v2.v [compile index 4]
*** Warning: SIGNAL_NEVER_WRITTEN: Signal 'rx_chl_clr_req' is never written (connected to sub-instance input port)
    at line 701 in E:\pcie_uart\pcie_uart\pcie_uart.srcs\sources_1\new\bridge_top_v2.v [compile index 4]
*** Warning: SIGNAL_NEVER_READ: Signal 'rx_chl_clr_done' is never read (connected to sub-instance output port)
    at line 702 in E:\pcie_uart\pcie_uart\pcie_uart.srcs\sources_1\new\bridge_top_v2.v [compile index 4]
*** Warning: SIGNAL_NEVER_WRITTEN: Signal 'tx_chl_clr_req' is never written (connected to sub-instance input port)
    at line 704 in E:\pcie_uart\pcie_uart\pcie_uart.srcs\sources_1\new\bridge_top_v2.v [compile index 4]
*** Warning: SIGNAL_NEVER_READ: Signal 'tx_chl_clr_done' is never read (connected to sub-instance output port)
    at line 705 in E:\pcie_uart\pcie_uart\pcie_uart.srcs\sources_1\new\bridge_top_v2.v [compile index 4]
*** Warning: SIGNAL_NEVER_READ: Signal 'r1_LITE_REG_RSYNC_REQ' is never read
    at line 710 in E:\pcie_uart\pcie_uart\pcie_uart.srcs\sources_1\new\bridge_top_v2.v [compile index 4]
*** Warning: SIGNAL_NEVER_READ: Signal 'r1_LITE_REG_TSYNC_REQ' is never read
    at line 711 in E:\pcie_uart\pcie_uart\pcie_uart.srcs\sources_1\new\bridge_top_v2.v [compile index 4]
*** Warning: SIGNAL_NOT_RESET: Signal 'tx_tff_usedw' is not reset
    at line 905 in E:\pcie_uart\pcie_uart\pcie_uart.srcs\sources_1\new\bridge_top_v2.v [compile index 4]
*** Warning: SIGNAL_NEVER_USED: Signal 'uart_tx' is never used
    at line 8 in E:\pcie_uart\pcie_uart\pcie_uart.srcs\sources_1\new\axi_uart_tx.sv [compile index 8]
*** Warning: SIGNAL_NEVER_USED: Signal 'uart_tx_cfg_para' is never used
    at line 11 in E:\pcie_uart\pcie_uart\pcie_uart.srcs\sources_1\new\axi_uart_tx.sv [compile index 8]
*** Warning: SIGNAL_NEVER_READ: Signal 'new_para' is never read
    at line 40 in E:\pcie_uart\pcie_uart\pcie_uart.srcs\sources_1\new\axi_uart_tx.sv [compile index 8]
*** Warning: SIGNAL_NEVER_USED: Signal 'cur_para' is never used
    at line 41 in E:\pcie_uart\pcie_uart\pcie_uart.srcs\sources_1\new\axi_uart_tx.sv [compile index 8]
*** Warning: MULTIPLE_CLOCKS_BLOCK: Procedural block driven by multiple clocks (rst, clk)
    at line 107 in E:\pcie_uart\pcie_uart\pcie_uart.srcs\sources_1\new\axi_uart_tx.sv [compile index 8]
*** Warning: SIGNAL_NEVER_READ: Signal 'uart_driv_flag' is never read
    at line 143 in E:\pcie_uart\pcie_uart\pcie_uart.srcs\sources_1\new\axi_uart_tx.sv [compile index 8]
*** Warning: IMPLICIT_DECLARATION: Implicit declaration of 'UART_TX' using `default_nettype set to wire
    at line 513 in E:\pcie_uart\pcie_uart\pcie_uart.srcs\sources_1\new\axi_uart_tx.sv [compile index 8]
*** Warning: SIGNAL_NEVER_READ: Signal 'UART_TX' is never read
    at line 513 in E:\pcie_uart\pcie_uart\pcie_uart.srcs\sources_1\new\axi_uart_tx.sv [compile index 8]
*** Warning: SIGNAL_NEVER_USED: Signal 'clk' is never used
    at line 4 in E:\pcie_uart\pcie_uart\pcie_uart.srcs\sources_1\new\axi_uart_rx.sv [compile index 14]
*** Warning: SIGNAL_NEVER_USED: Signal 'rst' is never used
    at line 5 in E:\pcie_uart\pcie_uart\pcie_uart.srcs\sources_1\new\axi_uart_rx.sv [compile index 14]
*** Warning: SIGNAL_NEVER_USED: Signal 'uart_rx' is never used
    at line 7 in E:\pcie_uart\pcie_uart\pcie_uart.srcs\sources_1\new\axi_uart_rx.sv [compile index 14]
*** Warning: SIGNAL_NEVER_USED: Signal 'sr_axi_full_if' is never used
    at line 9 in E:\pcie_uart\pcie_uart\pcie_uart.srcs\sources_1\new\axi_uart_rx.sv [compile index 14]
*** Warning: SIGNAL_NEVER_USED: Signal 'i_uart_rx_cfg_if' is never used
    at line 10 in E:\pcie_uart\pcie_uart\pcie_uart.srcs\sources_1\new\axi_uart_rx.sv [compile index 14]
*** Warning: SIGNAL_NEVER_READ: Signal 'awprot' is never read
    at line 1024 in E:\pcie_uart\pcie_uart\pcie_uart.srcs\sources_1\new\xdma_bar_ctrl.v [compile index 18]
*** Warning: SIGNAL_NEVER_READ: Signal 'wstrb' is never read
    at line 1032 in E:\pcie_uart\pcie_uart\pcie_uart.srcs\sources_1\new\xdma_bar_ctrl.v [compile index 18]
*** Warning: SIGNAL_NEVER_READ: Signal 'arprot' is never read
    at line 1048 in E:\pcie_uart\pcie_uart\pcie_uart.srcs\sources_1\new\xdma_bar_ctrl.v [compile index 18]
*** Done mixed mode extension build [460 ms] ***
*** Start adding/validating the DVT Auto-Linked resources ***
*** Done adding/validating the DVT Auto-Linked resources [1 ms] ***
*** Total build time [641 ms] ***
